{"/home/travis/build/npmtest/node-npmtest-preprocess/test.js":{"path":"/home/travis/build/npmtest/node-npmtest-preprocess/test.js","s":{"1":2,"2":2,"3":2,"4":2,"5":2,"6":2,"7":2,"8":1,"9":2,"10":2,"11":1,"12":1,"13":1,"14":1,"15":2,"16":2,"17":2,"18":2,"19":1,"20":1,"21":2,"22":2,"23":2,"24":1,"25":1,"26":1,"27":1,"28":1,"29":1,"30":1,"31":1,"32":1,"33":1,"34":1,"35":1,"36":1,"37":1,"38":1,"39":2,"40":2,"41":1,"42":2,"43":2,"44":1,"45":2,"46":2,"47":1,"48":2,"49":2,"50":1,"51":1,"52":1,"53":1,"54":1},"b":{"1":[2,1,1,1],"2":[1,1,1,1],"3":[1,1],"4":[1,1],"5":[1,1],"6":[1,1],"7":[1,1],"8":[1,1],"9":[1,1],"10":[1,1,1],"11":[1,1],"12":[1,1],"13":[1,1],"14":[1,1],"15":[1,1],"16":[1,1],"17":[1,1]},"f":{"1":2,"2":2,"3":2,"4":2,"5":2,"6":1,"7":1,"8":1,"9":2,"10":2,"11":2,"12":2,"13":1},"fnMap":{"1":{"name":"(anonymous_1)","line":12,"loc":{"start":{"line":12,"column":1},"end":{"line":12,"column":13}}},"2":{"name":"(anonymous_2)","line":19,"loc":{"start":{"line":19,"column":5},"end":{"line":19,"column":17}}},"3":{"name":"(anonymous_3)","line":23,"loc":{"start":{"line":23,"column":24},"end":{"line":23,"column":36}}},"4":{"name":"(anonymous_4)","line":61,"loc":{"start":{"line":61,"column":5},"end":{"line":61,"column":17}}},"5":{"name":"(anonymous_5)","line":82,"loc":{"start":{"line":82,"column":5},"end":{"line":82,"column":17}}},"6":{"name":"(anonymous_6)","line":91,"loc":{"start":{"line":91,"column":77},"end":{"line":94,"column":10}}},"7":{"name":"(anonymous_7)","line":112,"loc":{"start":{"line":112,"column":83},"end":{"line":115,"column":10}},"skip":true},"8":{"name":"(anonymous_8)","line":123,"loc":{"start":{"line":123,"column":77},"end":{"line":126,"column":10}},"skip":true},"9":{"name":"(anonymous_9)","line":139,"loc":{"start":{"line":139,"column":12},"end":{"line":139,"column":40}},"skip":true},"10":{"name":"(anonymous_10)","line":147,"loc":{"start":{"line":147,"column":77},"end":{"line":150,"column":10}},"skip":true},"11":{"name":"(anonymous_11)","line":158,"loc":{"start":{"line":158,"column":83},"end":{"line":161,"column":10}},"skip":true},"12":{"name":"(anonymous_12)","line":169,"loc":{"start":{"line":169,"column":79},"end":{"line":172,"column":10}},"skip":true},"13":{"name":"(anonymous_13)","line":180,"loc":{"start":{"line":180,"column":75},"end":{"line":183,"column":10}},"skip":true}},"statementMap":{"1":{"start":{"line":12,"column":0},"end":{"line":195,"column":5}},"2":{"start":{"line":14,"column":4},"end":{"line":14,"column":14}},"3":{"start":{"line":19,"column":4},"end":{"line":56,"column":9}},"4":{"start":{"line":21,"column":8},"end":{"line":21,"column":19}},"5":{"start":{"line":23,"column":8},"end":{"line":35,"column":13}},"6":{"start":{"line":24,"column":12},"end":{"line":34,"column":13}},"7":{"start":{"line":25,"column":16},"end":{"line":28,"column":30}},"8":{"start":{"line":30,"column":16},"end":{"line":33,"column":27}},"9":{"start":{"line":37,"column":8},"end":{"line":39,"column":21}},"10":{"start":{"line":40,"column":8},"end":{"line":53,"column":9}},"11":{"start":{"line":43,"column":12},"end":{"line":46,"column":14}},"12":{"start":{"line":47,"column":12},"end":{"line":47,"column":18}},"13":{"start":{"line":50,"column":12},"end":{"line":51,"column":33}},"14":{"start":{"line":52,"column":12},"end":{"line":52,"column":18}},"15":{"start":{"line":55,"column":8},"end":{"line":55,"column":35}},"16":{"start":{"line":61,"column":4},"end":{"line":63,"column":9}},"17":{"start":{"line":62,"column":8},"end":{"line":62,"column":15}},"18":{"start":{"line":64,"column":4},"end":{"line":77,"column":5}},"19":{"start":{"line":70,"column":8},"end":{"line":70,"column":14}},"20":{"start":{"line":76,"column":8},"end":{"line":76,"column":14}},"21":{"start":{"line":82,"column":4},"end":{"line":84,"column":9}},"22":{"start":{"line":83,"column":8},"end":{"line":83,"column":15}},"23":{"start":{"line":85,"column":4},"end":{"line":194,"column":5}},"24":{"start":{"line":91,"column":8},"end":{"line":99,"column":10}},"25":{"start":{"line":98,"column":12},"end":{"line":98,"column":35}},"26":{"start":{"line":102,"column":8},"end":{"line":104,"column":63}},"27":{"start":{"line":105,"column":8},"end":{"line":105,"column":14}},"28":{"start":{"line":112,"column":8},"end":{"line":121,"column":10},"skip":true},"29":{"start":{"line":119,"column":12},"end":{"line":119,"column":55},"skip":true},"30":{"start":{"line":120,"column":12},"end":{"line":120,"column":48},"skip":true},"31":{"start":{"line":123,"column":8},"end":{"line":136,"column":10},"skip":true},"32":{"start":{"line":130,"column":12},"end":{"line":130,"column":76},"skip":true},"33":{"start":{"line":131,"column":12},"end":{"line":131,"column":73},"skip":true},"34":{"start":{"line":132,"column":12},"end":{"line":132,"column":74},"skip":true},"35":{"start":{"line":133,"column":12},"end":{"line":133,"column":79},"skip":true},"36":{"start":{"line":134,"column":12},"end":{"line":134,"column":25},"skip":true},"37":{"start":{"line":135,"column":12},"end":{"line":135,"column":45},"skip":true},"38":{"start":{"line":138,"column":8},"end":{"line":145,"column":14},"skip":true},"39":{"start":{"line":143,"column":16},"end":{"line":143,"column":29},"skip":true},"40":{"start":{"line":144,"column":16},"end":{"line":144,"column":55},"skip":true},"41":{"start":{"line":147,"column":8},"end":{"line":156,"column":10},"skip":true},"42":{"start":{"line":154,"column":12},"end":{"line":154,"column":25},"skip":true},"43":{"start":{"line":155,"column":12},"end":{"line":155,"column":45},"skip":true},"44":{"start":{"line":158,"column":8},"end":{"line":167,"column":10},"skip":true},"45":{"start":{"line":165,"column":12},"end":{"line":165,"column":25},"skip":true},"46":{"start":{"line":166,"column":12},"end":{"line":166,"column":48},"skip":true},"47":{"start":{"line":169,"column":8},"end":{"line":178,"column":10},"skip":true},"48":{"start":{"line":176,"column":12},"end":{"line":176,"column":25},"skip":true},"49":{"start":{"line":177,"column":12},"end":{"line":177,"column":46},"skip":true},"50":{"start":{"line":180,"column":8},"end":{"line":189,"column":10},"skip":true},"51":{"start":{"line":187,"column":12},"end":{"line":187,"column":94},"skip":true},"52":{"start":{"line":188,"column":12},"end":{"line":188,"column":48},"skip":true},"53":{"start":{"line":192,"column":8},"end":{"line":192,"column":35},"skip":true},"54":{"start":{"line":193,"column":8},"end":{"line":193,"column":14},"skip":true}},"branchMap":{"1":{"line":25,"type":"binary-expr","locations":[{"start":{"line":25,"column":23},"end":{"line":25,"column":62}},{"start":{"line":26,"column":20},"end":{"line":26,"column":70}},{"start":{"line":27,"column":20},"end":{"line":27,"column":71}},{"start":{"line":28,"column":20},"end":{"line":28,"column":29}}]},"2":{"line":30,"type":"binary-expr","locations":[{"start":{"line":30,"column":23},"end":{"line":30,"column":37}},{"start":{"line":31,"column":20},"end":{"line":31,"column":61}},{"start":{"line":32,"column":20},"end":{"line":32,"column":70}},{"start":{"line":33,"column":20},"end":{"line":33,"column":26}}]},"3":{"line":37,"type":"cond-expr","locations":[{"start":{"line":38,"column":14},"end":{"line":38,"column":20}},{"start":{"line":39,"column":14},"end":{"line":39,"column":20}}]},"4":{"line":40,"type":"switch","locations":[{"start":{"line":42,"column":8},"end":{"line":47,"column":18}},{"start":{"line":49,"column":8},"end":{"line":52,"column":18}}]},"5":{"line":44,"type":"binary-expr","locations":[{"start":{"line":44,"column":16},"end":{"line":44,"column":44}},{"start":{"line":44,"column":48},"end":{"line":44,"column":66}}]},"6":{"line":50,"type":"binary-expr","locations":[{"start":{"line":50,"column":21},"end":{"line":50,"column":49}},{"start":{"line":50,"column":53},"end":{"line":50,"column":72}}]},"7":{"line":64,"type":"switch","locations":[{"start":{"line":69,"column":4},"end":{"line":70,"column":14}},{"start":{"line":75,"column":4},"end":{"line":76,"column":14}}]},"8":{"line":85,"type":"switch","locations":[{"start":{"line":90,"column":4},"end":{"line":105,"column":14}},{"start":{"line":111,"column":4},"end":{"line":193,"column":14},"skip":true}]},"9":{"line":91,"type":"binary-expr","locations":[{"start":{"line":91,"column":42},"end":{"line":91,"column":73}},{"start":{"line":91,"column":77},"end":{"line":99,"column":9}}]},"10":{"line":102,"type":"binary-expr","locations":[{"start":{"line":102,"column":18},"end":{"line":102,"column":32}},{"start":{"line":103,"column":12},"end":{"line":103,"column":53}},{"start":{"line":104,"column":12},"end":{"line":104,"column":61}}]},"11":{"line":112,"type":"binary-expr","locations":[{"start":{"line":112,"column":45},"end":{"line":112,"column":79},"skip":true},{"start":{"line":112,"column":83},"end":{"line":121,"column":9},"skip":true}]},"12":{"line":123,"type":"binary-expr","locations":[{"start":{"line":123,"column":42},"end":{"line":123,"column":73},"skip":true},{"start":{"line":123,"column":77},"end":{"line":136,"column":9},"skip":true}]},"13":{"line":138,"type":"binary-expr","locations":[{"start":{"line":138,"column":48},"end":{"line":138,"column":85},"skip":true},{"start":{"line":139,"column":12},"end":{"line":145,"column":13},"skip":true}]},"14":{"line":147,"type":"binary-expr","locations":[{"start":{"line":147,"column":42},"end":{"line":147,"column":73},"skip":true},{"start":{"line":147,"column":77},"end":{"line":156,"column":9},"skip":true}]},"15":{"line":158,"type":"binary-expr","locations":[{"start":{"line":158,"column":45},"end":{"line":158,"column":79},"skip":true},{"start":{"line":158,"column":83},"end":{"line":167,"column":9},"skip":true}]},"16":{"line":169,"type":"binary-expr","locations":[{"start":{"line":169,"column":43},"end":{"line":169,"column":75},"skip":true},{"start":{"line":169,"column":79},"end":{"line":178,"column":9},"skip":true}]},"17":{"line":180,"type":"binary-expr","locations":[{"start":{"line":180,"column":41},"end":{"line":180,"column":71},"skip":true},{"start":{"line":180,"column":75},"end":{"line":189,"column":9},"skip":true}]}},"code":["/* istanbul instrument in package npmtest_preprocess */","/*jslint","    bitwise: true,","    browser: true,","    maxerr: 8,","    maxlen: 96,","    node: true,","    nomen: true,","    regexp: true,","    stupid: true","*/","(function () {","    'use strict';","    var local;","","","","    // run shared js-env code - init-before","    (function () {","        // init local","        local = {};","        // init modeJs","        local.modeJs = (function () {","            try {","                return typeof navigator.userAgent === 'string' &&","                    typeof document.querySelector('body') === 'object' &&","                    typeof XMLHttpRequest.prototype.open === 'function' &&","                    'browser';","            } catch (errorCaughtBrowser) {","                return module.exports &&","                    typeof process.versions.node === 'string' &&","                    typeof require('http').createServer === 'function' &&","                    'node';","            }","        }());","        // init global","        local.global = local.modeJs === 'browser'","            ? window","            : global;","        switch (local.modeJs) {","        // re-init local from window.local","        case 'browser':","            local = local.global.utility2.objectSetDefault(","                local.global.utility2_rollup || local.global.local,","                local.global.utility2","            );","            break;","        // re-init local from example.js","        case 'node':","            local = (local.global.utility2_rollup || require('utility2'))","                .requireReadme();","            break;","        }","        // export local","        local.global.local = local;","    }());","","","","    // run shared js-env code - function","    (function () {","        return;","    }());","    switch (local.modeJs) {","","","","    // run browser js-env code - function","    case 'browser':","        break;","","","","    // run node js-env code - function","    case 'node':","        break;","    }","","","","    // run shared js-env code - init-after","    (function () {","        return;","    }());","    switch (local.modeJs) {","","","","    // run browser js-env code - init-after","    case 'browser':","        local.testCase_browser_nullCase = local.testCase_browser_nullCase || function (","            options,","            onError","        ) {","        /*","         * this function will test browsers's null-case handling-behavior-behavior","         */","            onError(null, options);","        };","","        // run tests","        local.nop(local.modeTest &&","            document.querySelector('#testRunButton1') &&","            document.querySelector('#testRunButton1').click());","        break;","","","","    // run node js-env code - init-after","    /* istanbul ignore next */","    case 'node':","        local.testCase_buildApidoc_default = local.testCase_buildApidoc_default || function (","            options,","            onError","        ) {","        /*","         * this function will test buildApidoc's default handling-behavior-behavior","         */","            options = { modulePathList: module.paths };","            local.buildApidoc(options, onError);","        };","","        local.testCase_buildApp_default = local.testCase_buildApp_default || function (","            options,","            onError","        ) {","        /*","         * this function will test buildApp's default handling-behavior-behavior","         */","            local.testCase_buildReadme_default(options, local.onErrorThrow);","            local.testCase_buildLib_default(options, local.onErrorThrow);","            local.testCase_buildTest_default(options, local.onErrorThrow);","            local.testCase_buildCustomOrg_default(options, local.onErrorThrow);","            options = [];","            local.buildApp(options, onError);","        };","","        local.testCase_buildCustomOrg_default = local.testCase_buildCustomOrg_default ||","            function (options, onError) {","            /*","             * this function will test buildCustomOrg's default handling-behavior","             */","                options = {};","                local.buildCustomOrg(options, onError);","            };","","        local.testCase_buildLib_default = local.testCase_buildLib_default || function (","            options,","            onError","        ) {","        /*","         * this function will test buildLib's default handling-behavior","         */","            options = {};","            local.buildLib(options, onError);","        };","","        local.testCase_buildReadme_default = local.testCase_buildReadme_default || function (","            options,","            onError","        ) {","        /*","         * this function will test buildReadme's default handling-behavior-behavior","         */","            options = {};","            local.buildReadme(options, onError);","        };","","        local.testCase_buildTest_default = local.testCase_buildTest_default || function (","            options,","            onError","        ) {","        /*","         * this function will test buildTest's default handling-behavior","         */","            options = {};","            local.buildTest(options, onError);","        };","","        local.testCase_webpage_default = local.testCase_webpage_default || function (","            options,","            onError","        ) {","        /*","         * this function will test webpage's default handling-behavior","         */","            options = { modeCoverageMerge: true, url: local.serverLocalHost + '?modeTest=1' };","            local.browserTest(options, onError);","        };","","        // run test-server","        local.testRunServer(local);","        break;","    }","}());",""],"l":{"12":2,"14":2,"19":2,"21":2,"23":2,"24":2,"25":2,"30":1,"37":2,"40":2,"43":1,"47":1,"50":1,"52":1,"55":2,"61":2,"62":2,"64":2,"70":1,"76":1,"82":2,"83":2,"85":2,"91":1,"98":1,"102":1,"105":1,"112":1,"119":1,"120":1,"123":1,"130":1,"131":1,"132":1,"133":1,"134":1,"135":1,"138":1,"143":2,"144":2,"147":1,"154":2,"155":2,"158":1,"165":2,"166":2,"169":1,"176":2,"177":2,"180":1,"187":1,"188":1,"192":1,"193":1}},"/home/travis/build/npmtest/node-npmtest-preprocess/lib.npmtest_preprocess.js":{"path":"/home/travis/build/npmtest/node-npmtest-preprocess/lib.npmtest_preprocess.js","s":{"1":2,"2":2,"3":2,"4":2,"5":2,"6":2,"7":2,"8":1,"9":2,"10":2,"11":2,"12":2,"13":1,"14":1,"15":1,"16":1},"b":{"1":[2,1,1,1],"2":[1,1,1,1],"3":[1,1],"4":[2,2],"5":[1,1]},"f":{"1":2,"2":2,"3":2},"fnMap":{"1":{"name":"(anonymous_1)","line":12,"loc":{"start":{"line":12,"column":1},"end":{"line":12,"column":13}}},"2":{"name":"(anonymous_2)","line":19,"loc":{"start":{"line":19,"column":5},"end":{"line":19,"column":17}}},"3":{"name":"(anonymous_3)","line":23,"loc":{"start":{"line":23,"column":24},"end":{"line":23,"column":36}}}},"statementMap":{"1":{"start":{"line":12,"column":0},"end":{"line":53,"column":5}},"2":{"start":{"line":14,"column":4},"end":{"line":14,"column":14}},"3":{"start":{"line":19,"column":4},"end":{"line":52,"column":9}},"4":{"start":{"line":21,"column":8},"end":{"line":21,"column":19}},"5":{"start":{"line":23,"column":8},"end":{"line":35,"column":13}},"6":{"start":{"line":24,"column":12},"end":{"line":34,"column":13}},"7":{"start":{"line":25,"column":16},"end":{"line":28,"column":30}},"8":{"start":{"line":30,"column":16},"end":{"line":33,"column":27}},"9":{"start":{"line":37,"column":8},"end":{"line":39,"column":21}},"10":{"start":{"line":41,"column":8},"end":{"line":41,"column":54}},"11":{"start":{"line":43,"column":8},"end":{"line":43,"column":55}},"12":{"start":{"line":45,"column":8},"end":{"line":51,"column":9}},"13":{"start":{"line":46,"column":12},"end":{"line":46,"column":61}},"14":{"start":{"line":48,"column":12},"end":{"line":48,"column":35}},"15":{"start":{"line":49,"column":12},"end":{"line":49,"column":49}},"16":{"start":{"line":50,"column":12},"end":{"line":50,"column":43}}},"branchMap":{"1":{"line":25,"type":"binary-expr","locations":[{"start":{"line":25,"column":23},"end":{"line":25,"column":62}},{"start":{"line":26,"column":20},"end":{"line":26,"column":70}},{"start":{"line":27,"column":20},"end":{"line":27,"column":71}},{"start":{"line":28,"column":20},"end":{"line":28,"column":29}}]},"2":{"line":30,"type":"binary-expr","locations":[{"start":{"line":30,"column":23},"end":{"line":30,"column":37}},{"start":{"line":31,"column":20},"end":{"line":31,"column":61}},{"start":{"line":32,"column":20},"end":{"line":32,"column":70}},{"start":{"line":33,"column":20},"end":{"line":33,"column":26}}]},"3":{"line":37,"type":"cond-expr","locations":[{"start":{"line":38,"column":14},"end":{"line":38,"column":20}},{"start":{"line":39,"column":14},"end":{"line":39,"column":20}}]},"4":{"line":41,"type":"binary-expr","locations":[{"start":{"line":41,"column":16},"end":{"line":41,"column":44}},{"start":{"line":41,"column":48},"end":{"line":41,"column":53}}]},"5":{"line":45,"type":"if","locations":[{"start":{"line":45,"column":8},"end":{"line":45,"column":8}},{"start":{"line":45,"column":8},"end":{"line":45,"column":8}}]}},"code":["/* istanbul instrument in package npmtest_preprocess */","/*jslint","    bitwise: true,","    browser: true,","    maxerr: 8,","    maxlen: 96,","    node: true,","    nomen: true,","    regexp: true,","    stupid: true","*/","(function () {","    'use strict';","    var local;","","","","    // run shared js-env code - init-before","    (function () {","        // init local","        local = {};","        // init modeJs","        local.modeJs = (function () {","            try {","                return typeof navigator.userAgent === 'string' &&","                    typeof document.querySelector('body') === 'object' &&","                    typeof XMLHttpRequest.prototype.open === 'function' &&","                    'browser';","            } catch (errorCaughtBrowser) {","                return module.exports &&","                    typeof process.versions.node === 'string' &&","                    typeof require('http').createServer === 'function' &&","                    'node';","            }","        }());","        // init global","        local.global = local.modeJs === 'browser'","            ? window","            : global;","        // init utility2_rollup","        local = local.global.utility2_rollup || local;","        // init lib","        local.local = local.npmtest_preprocess = local;","        // init exports","        if (local.modeJs === 'browser') {","            local.global.utility2_npmtest_preprocess = local;","        } else {","            module.exports = local;","            module.exports.__dirname = __dirname;","            module.exports.module = module;","        }","    }());","}());",""],"l":{"12":2,"14":2,"19":2,"21":2,"23":2,"24":2,"25":2,"30":1,"37":2,"41":2,"43":2,"45":2,"46":1,"48":1,"49":1,"50":1}},"/home/travis/build/npmtest/node-npmtest-preprocess/example.js":{"path":"/home/travis/build/npmtest/node-npmtest-preprocess/example.js","s":{"1":2,"2":2,"3":2,"4":2,"5":2,"6":2,"7":2,"8":1,"9":2,"10":2,"11":2,"12":2,"13":1,"14":2,"15":2,"16":2,"17":2,"18":2,"19":0,"20":2,"21":1,"22":1,"23":1,"24":1,"25":1,"26":0,"27":0,"28":1,"29":1,"30":2,"31":0,"32":0,"33":0,"34":1,"35":2,"36":2,"37":3,"38":3,"39":3,"40":3,"41":0,"42":3,"43":3,"44":3,"45":1,"46":3,"47":1,"48":1,"49":1,"50":1,"51":1,"52":1,"53":1,"54":1,"55":1,"56":1,"57":0,"58":1,"59":6,"60":6,"61":1,"62":2,"63":0,"64":2,"65":1,"66":1,"67":0,"68":0,"69":0,"70":0,"71":0,"72":0,"73":0,"74":0,"75":0,"76":0,"77":0,"78":0,"79":0,"80":0,"81":0,"82":0,"83":0},"b":{"1":[2,1,1,1],"2":[1,1,1,1],"3":[1,1],"4":[2,2],"5":[1,1],"6":[1,1],"7":[2,0],"8":[2,1,1,1,1,1],"9":[0,2,0],"10":[1,1],"11":[2,1,1],"12":[1,0],"13":[0,2],"14":[2,0,0,0,0,0,0],"15":[0,3],"16":[3,0],"17":[1,1],"18":[0,1],"19":[1,2,0,2],"20":[1,0],"21":[1,1],"22":[0,0],"23":[0,0],"24":[0,0],"25":[0,0],"26":[0,0],"27":[0,0],"28":[0,0]},"f":{"1":2,"2":2,"3":2,"4":2,"5":2,"6":2,"7":3,"8":3,"9":3,"10":1,"11":6,"12":0},"fnMap":{"1":{"name":"(anonymous_1)","line":26,"loc":{"start":{"line":26,"column":1},"end":{"line":26,"column":13}}},"2":{"name":"(anonymous_2)","line":33,"loc":{"start":{"line":33,"column":5},"end":{"line":33,"column":17}}},"3":{"name":"(anonymous_3)","line":37,"loc":{"start":{"line":37,"column":24},"end":{"line":37,"column":36}}},"4":{"name":"(anonymous_4)","line":69,"loc":{"start":{"line":69,"column":31},"end":{"line":69,"column":48}},"skip":true},"5":{"name":"(anonymous_5)","line":78,"loc":{"start":{"line":78,"column":26},"end":{"line":78,"column":45}},"skip":true},"6":{"name":"(anonymous_6)","line":123,"loc":{"start":{"line":123,"column":33},"end":{"line":123,"column":48}},"skip":true},"7":{"name":"(anonymous_7)","line":125,"loc":{"start":{"line":125,"column":27},"end":{"line":125,"column":39}},"skip":true},"8":{"name":"(anonymous_8)","line":133,"loc":{"start":{"line":133,"column":59},"end":{"line":133,"column":74}},"skip":true},"9":{"name":"(anonymous_9)","line":143,"loc":{"start":{"line":143,"column":45},"end":{"line":143,"column":62}},"skip":true},"10":{"name":"(anonymous_10)","line":144,"loc":{"start":{"line":144,"column":73},"end":{"line":144,"column":92}},"skip":true},"11":{"name":"(anonymous_11)","line":272,"loc":{"start":{"line":272,"column":51},"end":{"line":272,"column":77}},"skip":true},"12":{"name":"(anonymous_12)","line":315,"loc":{"start":{"line":315,"column":32},"end":{"line":315,"column":61}},"skip":true}},"statementMap":{"1":{"start":{"line":26,"column":0},"end":{"line":326,"column":5}},"2":{"start":{"line":28,"column":4},"end":{"line":28,"column":14}},"3":{"start":{"line":33,"column":4},"end":{"line":60,"column":9}},"4":{"start":{"line":35,"column":8},"end":{"line":35,"column":19}},"5":{"start":{"line":37,"column":8},"end":{"line":49,"column":13}},"6":{"start":{"line":38,"column":12},"end":{"line":48,"column":13}},"7":{"start":{"line":39,"column":16},"end":{"line":42,"column":30}},"8":{"start":{"line":44,"column":16},"end":{"line":47,"column":27}},"9":{"start":{"line":51,"column":8},"end":{"line":53,"column":21}},"10":{"start":{"line":55,"column":8},"end":{"line":57,"column":45}},"11":{"start":{"line":59,"column":8},"end":{"line":59,"column":35}},"12":{"start":{"line":61,"column":4},"end":{"line":325,"column":5}},"13":{"start":{"line":69,"column":8},"end":{"line":121,"column":10},"skip":true},"14":{"start":{"line":70,"column":12},"end":{"line":88,"column":13},"skip":true},"15":{"start":{"line":76,"column":16},"end":{"line":87,"column":19},"skip":true},"16":{"start":{"line":79,"column":20},"end":{"line":86,"column":21},"skip":true},"17":{"start":{"line":82,"column":24},"end":{"line":82,"column":43},"skip":true},"18":{"start":{"line":83,"column":24},"end":{"line":83,"column":30},"skip":true},"19":{"start":{"line":85,"column":24},"end":{"line":85,"column":49},"skip":true},"20":{"start":{"line":89,"column":12},"end":{"line":107,"column":13},"skip":true},"21":{"start":{"line":92,"column":16},"end":{"line":102,"column":17},"skip":true},"22":{"start":{"line":93,"column":20},"end":{"line":93,"column":86},"skip":true},"23":{"start":{"line":94,"column":20},"end":{"line":95,"column":45},"skip":true},"24":{"start":{"line":96,"column":20},"end":{"line":96,"column":42},"skip":true},"25":{"start":{"line":97,"column":20},"end":{"line":97,"column":48},"skip":true},"26":{"start":{"line":100,"column":20},"end":{"line":100,"column":85},"skip":true},"27":{"start":{"line":101,"column":20},"end":{"line":101,"column":96},"skip":true},"28":{"start":{"line":103,"column":16},"end":{"line":103,"column":22},"skip":true},"29":{"start":{"line":106,"column":16},"end":{"line":106,"column":22},"skip":true},"30":{"start":{"line":108,"column":12},"end":{"line":120,"column":13},"skip":true},"31":{"start":{"line":114,"column":16},"end":{"line":119,"column":17},"skip":true},"32":{"start":{"line":116,"column":20},"end":{"line":116,"column":78},"skip":true},"33":{"start":{"line":118,"column":20},"end":{"line":118,"column":47},"skip":true},"34":{"start":{"line":123,"column":8},"end":{"line":141,"column":11},"skip":true},"35":{"start":{"line":124,"column":12},"end":{"line":124,"column":54},"skip":true},"36":{"start":{"line":125,"column":12},"end":{"line":140,"column":14},"skip":true},"37":{"start":{"line":126,"column":16},"end":{"line":126,"column":28},"skip":true},"38":{"start":{"line":127,"column":16},"end":{"line":127,"column":69},"skip":true},"39":{"start":{"line":128,"column":16},"end":{"line":128,"column":75},"skip":true},"40":{"start":{"line":129,"column":16},"end":{"line":131,"column":17},"skip":true},"41":{"start":{"line":130,"column":20},"end":{"line":130,"column":27},"skip":true},"42":{"start":{"line":133,"column":16},"end":{"line":137,"column":36},"skip":true},"43":{"start":{"line":134,"column":20},"end":{"line":136,"column":55},"skip":true},"44":{"start":{"line":139,"column":16},"end":{"line":139,"column":57},"skip":true},"45":{"start":{"line":143,"column":8},"end":{"line":147,"column":11},"skip":true},"46":{"start":{"line":144,"column":12},"end":{"line":146,"column":15},"skip":true},"47":{"start":{"line":145,"column":16},"end":{"line":145,"column":70},"skip":true},"48":{"start":{"line":149,"column":8},"end":{"line":149,"column":31},"skip":true},"49":{"start":{"line":150,"column":8},"end":{"line":150,"column":14},"skip":true},"50":{"start":{"line":158,"column":8},"end":{"line":158,"column":31},"skip":true},"51":{"start":{"line":160,"column":8},"end":{"line":160,"column":33},"skip":true},"52":{"start":{"line":161,"column":8},"end":{"line":161,"column":37},"skip":true},"53":{"start":{"line":162,"column":8},"end":{"line":162,"column":35},"skip":true},"54":{"start":{"line":164,"column":8},"end":{"line":164,"column":50},"skip":true},"55":{"start":{"line":166,"column":8},"end":{"line":256,"column":2},"skip":true},"56":{"start":{"line":258,"column":8},"end":{"line":286,"column":9},"skip":true},"57":{"start":{"line":259,"column":12},"end":{"line":269,"column":14},"skip":true},"58":{"start":{"line":271,"column":12},"end":{"line":285,"column":19},"skip":true},"59":{"start":{"line":274,"column":20},"end":{"line":274,"column":35},"skip":true},"60":{"start":{"line":275,"column":20},"end":{"line":284,"column":21},"skip":true},"61":{"start":{"line":277,"column":24},"end":{"line":277,"column":64},"skip":true},"62":{"start":{"line":279,"column":24},"end":{"line":279,"column":40},"skip":true},"63":{"start":{"line":281,"column":24},"end":{"line":281,"column":40},"skip":true},"64":{"start":{"line":283,"column":24},"end":{"line":283,"column":39},"skip":true},"65":{"start":{"line":288,"column":8},"end":{"line":290,"column":9},"skip":true},"66":{"start":{"line":289,"column":12},"end":{"line":289,"column":18},"skip":true},"67":{"start":{"line":291,"column":8},"end":{"line":293,"column":54},"skip":true},"68":{"start":{"line":296,"column":8},"end":{"line":301,"column":37},"skip":true},"69":{"start":{"line":303,"column":8},"end":{"line":303,"column":82},"skip":true},"70":{"start":{"line":306,"column":8},"end":{"line":308,"column":9},"skip":true},"71":{"start":{"line":307,"column":12},"end":{"line":307,"column":82},"skip":true},"72":{"start":{"line":310,"column":8},"end":{"line":312,"column":9},"skip":true},"73":{"start":{"line":311,"column":12},"end":{"line":311,"column":18},"skip":true},"74":{"start":{"line":313,"column":8},"end":{"line":313,"column":54},"skip":true},"75":{"start":{"line":314,"column":8},"end":{"line":314,"column":69},"skip":true},"76":{"start":{"line":315,"column":8},"end":{"line":323,"column":36},"skip":true},"77":{"start":{"line":316,"column":12},"end":{"line":316,"column":61},"skip":true},"78":{"start":{"line":317,"column":12},"end":{"line":320,"column":13},"skip":true},"79":{"start":{"line":318,"column":16},"end":{"line":318,"column":75},"skip":true},"80":{"start":{"line":319,"column":16},"end":{"line":319,"column":23},"skip":true},"81":{"start":{"line":321,"column":12},"end":{"line":321,"column":38},"skip":true},"82":{"start":{"line":322,"column":12},"end":{"line":322,"column":27},"skip":true},"83":{"start":{"line":324,"column":8},"end":{"line":324,"column":14},"skip":true}},"branchMap":{"1":{"line":39,"type":"binary-expr","locations":[{"start":{"line":39,"column":23},"end":{"line":39,"column":62}},{"start":{"line":40,"column":20},"end":{"line":40,"column":70}},{"start":{"line":41,"column":20},"end":{"line":41,"column":71}},{"start":{"line":42,"column":20},"end":{"line":42,"column":29}}]},"2":{"line":44,"type":"binary-expr","locations":[{"start":{"line":44,"column":23},"end":{"line":44,"column":37}},{"start":{"line":45,"column":20},"end":{"line":45,"column":61}},{"start":{"line":46,"column":20},"end":{"line":46,"column":70}},{"start":{"line":47,"column":20},"end":{"line":47,"column":26}}]},"3":{"line":51,"type":"cond-expr","locations":[{"start":{"line":52,"column":14},"end":{"line":52,"column":20}},{"start":{"line":53,"column":14},"end":{"line":53,"column":20}}]},"4":{"line":55,"type":"binary-expr","locations":[{"start":{"line":55,"column":16},"end":{"line":55,"column":44}},{"start":{"line":55,"column":49},"end":{"line":57,"column":43}}]},"5":{"line":55,"type":"cond-expr","locations":[{"start":{"line":56,"column":14},"end":{"line":56,"column":54}},{"start":{"line":57,"column":14},"end":{"line":57,"column":43}}]},"6":{"line":61,"type":"switch","locations":[{"start":{"line":68,"column":4},"end":{"line":150,"column":14},"skip":true},{"start":{"line":156,"column":4},"end":{"line":324,"column":14},"skip":true}]},"7":{"line":70,"type":"if","locations":[{"start":{"line":70,"column":12},"end":{"line":70,"column":12},"skip":true},{"start":{"line":70,"column":12},"end":{"line":70,"column":12},"skip":true}]},"8":{"line":70,"type":"binary-expr","locations":[{"start":{"line":70,"column":16},"end":{"line":70,"column":22},"skip":true},{"start":{"line":70,"column":27},"end":{"line":70,"column":32},"skip":true},{"start":{"line":71,"column":20},"end":{"line":71,"column":39},"skip":true},{"start":{"line":72,"column":20},"end":{"line":72,"column":49},"skip":true},{"start":{"line":73,"column":20},"end":{"line":73,"column":58},"skip":true},{"start":{"line":74,"column":20},"end":{"line":74,"column":69},"skip":true}]},"9":{"line":79,"type":"switch","locations":[{"start":{"line":80,"column":20},"end":{"line":80,"column":33},"skip":true},{"start":{"line":81,"column":20},"end":{"line":83,"column":30},"skip":true},{"start":{"line":84,"column":20},"end":{"line":85,"column":49},"skip":true}]},"10":{"line":89,"type":"switch","locations":[{"start":{"line":90,"column":12},"end":{"line":103,"column":22},"skip":true},{"start":{"line":105,"column":12},"end":{"line":106,"column":22},"skip":true}]},"11":{"line":89,"type":"binary-expr","locations":[{"start":{"line":89,"column":20},"end":{"line":89,"column":25},"skip":true},{"start":{"line":89,"column":29},"end":{"line":89,"column":48},"skip":true},{"start":{"line":89,"column":52},"end":{"line":89,"column":74},"skip":true}]},"12":{"line":92,"type":"if","locations":[{"start":{"line":92,"column":16},"end":{"line":92,"column":16},"skip":true},{"start":{"line":92,"column":16},"end":{"line":92,"column":16},"skip":true}]},"13":{"line":108,"type":"if","locations":[{"start":{"line":108,"column":12},"end":{"line":108,"column":12},"skip":true},{"start":{"line":108,"column":12},"end":{"line":108,"column":12},"skip":true}]},"14":{"line":108,"type":"binary-expr","locations":[{"start":{"line":108,"column":16},"end":{"line":108,"column":61},"skip":true},{"start":{"line":108,"column":66},"end":{"line":108,"column":72},"skip":true},{"start":{"line":108,"column":77},"end":{"line":108,"column":82},"skip":true},{"start":{"line":109,"column":20},"end":{"line":109,"column":39},"skip":true},{"start":{"line":110,"column":20},"end":{"line":110,"column":49},"skip":true},{"start":{"line":111,"column":20},"end":{"line":111,"column":58},"skip":true},{"start":{"line":112,"column":20},"end":{"line":112,"column":68},"skip":true}]},"15":{"line":129,"type":"if","locations":[{"start":{"line":129,"column":16},"end":{"line":129,"column":16},"skip":true},{"start":{"line":129,"column":16},"end":{"line":129,"column":16},"skip":true}]},"16":{"line":134,"type":"cond-expr","locations":[{"start":{"line":135,"column":26},"end":{"line":135,"column":29},"skip":true},{"start":{"line":136,"column":26},"end":{"line":136,"column":54},"skip":true}]},"17":{"line":164,"type":"binary-expr","locations":[{"start":{"line":164,"column":27},"end":{"line":164,"column":43},"skip":true},{"start":{"line":164,"column":47},"end":{"line":164,"column":49},"skip":true}]},"18":{"line":258,"type":"if","locations":[{"start":{"line":258,"column":8},"end":{"line":258,"column":8},"skip":true},{"start":{"line":258,"column":8},"end":{"line":258,"column":8},"skip":true}]},"19":{"line":275,"type":"switch","locations":[{"start":{"line":276,"column":20},"end":{"line":277,"column":64},"skip":true},{"start":{"line":278,"column":20},"end":{"line":279,"column":40},"skip":true},{"start":{"line":280,"column":20},"end":{"line":281,"column":40},"skip":true},{"start":{"line":282,"column":20},"end":{"line":283,"column":39},"skip":true}]},"20":{"line":288,"type":"if","locations":[{"start":{"line":288,"column":8},"end":{"line":288,"column":8},"skip":true},{"start":{"line":288,"column":8},"end":{"line":288,"column":8},"skip":true}]},"21":{"line":288,"type":"binary-expr","locations":[{"start":{"line":288,"column":12},"end":{"line":288,"column":40},"skip":true},{"start":{"line":288,"column":44},"end":{"line":288,"column":67},"skip":true}]},"22":{"line":292,"type":"binary-expr","locations":[{"start":{"line":292,"column":12},"end":{"line":292,"column":50},"skip":true},{"start":{"line":293,"column":12},"end":{"line":293,"column":53},"skip":true}]},"23":{"line":297,"type":"binary-expr","locations":[{"start":{"line":297,"column":12},"end":{"line":297,"column":68},"skip":true},{"start":{"line":298,"column":12},"end":{"line":301,"column":36},"skip":true}]},"24":{"line":303,"type":"binary-expr","locations":[{"start":{"line":303,"column":43},"end":{"line":303,"column":75},"skip":true},{"start":{"line":303,"column":79},"end":{"line":303,"column":81},"skip":true}]},"25":{"line":306,"type":"if","locations":[{"start":{"line":306,"column":8},"end":{"line":306,"column":8},"skip":true},{"start":{"line":306,"column":8},"end":{"line":306,"column":8},"skip":true}]},"26":{"line":310,"type":"if","locations":[{"start":{"line":310,"column":8},"end":{"line":310,"column":8},"skip":true},{"start":{"line":310,"column":8},"end":{"line":310,"column":8},"skip":true}]},"27":{"line":313,"type":"binary-expr","locations":[{"start":{"line":313,"column":27},"end":{"line":313,"column":43},"skip":true},{"start":{"line":313,"column":47},"end":{"line":313,"column":53},"skip":true}]},"28":{"line":317,"type":"if","locations":[{"start":{"line":317,"column":12},"end":{"line":317,"column":12},"skip":true},{"start":{"line":317,"column":12},"end":{"line":317,"column":12},"skip":true}]}},"code":["/*","example.js","","quickstart example","","instruction","    1. save this script as example.js","    2. run the shell command:","        $ npm install npmtest-preprocess && PORT=8081 node example.js","    3. play with the browser-demo on http://127.0.0.1:8081","*/","","","","/* istanbul instrument in package npmtest_preprocess */","/*jslint","    bitwise: true,","    browser: true,","    maxerr: 8,","    maxlen: 96,","    node: true,","    nomen: true,","    regexp: true,","    stupid: true","*/","(function () {","    'use strict';","    var local;","","","","    // run shared js-env code - init-before","    (function () {","        // init local","        local = {};","        // init modeJs","        local.modeJs = (function () {","            try {","                return typeof navigator.userAgent === 'string' &&","                    typeof document.querySelector('body') === 'object' &&","                    typeof XMLHttpRequest.prototype.open === 'function' &&","                    'browser';","            } catch (errorCaughtBrowser) {","                return module.exports &&","                    typeof process.versions.node === 'string' &&","                    typeof require('http').createServer === 'function' &&","                    'node';","            }","        }());","        // init global","        local.global = local.modeJs === 'browser'","            ? window","            : global;","        // init utility2_rollup","        local = local.global.utility2_rollup || (local.modeJs === 'browser'","            ? local.global.utility2_npmtest_preprocess","            : global.utility2_moduleExports);","        // export local","        local.global.local = local;","    }());","    switch (local.modeJs) {","","","","    // init-after","    // run browser js-env code - init-after","    /* istanbul ignore next */","    case 'browser':","        local.testRunBrowser = function (event) {","            if (!event || (event &&","                    event.currentTarget &&","                    event.currentTarget.className &&","                    event.currentTarget.className.includes &&","                    event.currentTarget.className.includes('onreset'))) {","                // reset output","                Array.from(","                    document.querySelectorAll('body > .resettable')","                ).forEach(function (element) {","                    switch (element.tagName) {","                    case 'INPUT':","                    case 'TEXTAREA':","                        element.value = '';","                        break;","                    default:","                        element.textContent = '';","                    }","                });","            }","            switch (event && event.currentTarget && event.currentTarget.id) {","            case 'testRunButton1':","                // show tests","                if (document.querySelector('#testReportDiv1').style.display === 'none') {","                    document.querySelector('#testReportDiv1').style.display = 'block';","                    document.querySelector('#testRunButton1').textContent =","                        'hide internal test';","                    local.modeTest = true;","                    local.testRunDefault(local);","                // hide tests","                } else {","                    document.querySelector('#testReportDiv1').style.display = 'none';","                    document.querySelector('#testRunButton1').textContent = 'run internal test';","                }","                break;","            // custom-case","            default:","                break;","            }","            if (document.querySelector('#inputTextareaEval1') && (!event || (event &&","                    event.currentTarget &&","                    event.currentTarget.className &&","                    event.currentTarget.className.includes &&","                    event.currentTarget.className.includes('oneval')))) {","                // try to eval input-code","                try {","                    /*jslint evil: true*/","                    eval(document.querySelector('#inputTextareaEval1').value);","                } catch (errorCaught) {","                    console.error(errorCaught);","                }","            }","        };","        // log stderr and stdout to #outputTextareaStdout1","        ['error', 'log'].forEach(function (key) {","            console[key + '_original'] = console[key];","            console[key] = function () {","                var element;","                console[key + '_original'].apply(console, arguments);","                element = document.querySelector('#outputTextareaStdout1');","                if (!element) {","                    return;","                }","                // append text to #outputTextareaStdout1","                element.value += Array.from(arguments).map(function (arg) {","                    return typeof arg === 'string'","                        ? arg","                        : JSON.stringify(arg, null, 4);","                }).join(' ') + '\\n';","                // scroll textarea to bottom","                element.scrollTop = element.scrollHeight;","            };","        });","        // init event-handling","        ['change', 'click', 'keyup'].forEach(function (event) {","            Array.from(document.querySelectorAll('.on' + event)).forEach(function (element) {","                element.addEventListener(event, local.testRunBrowser);","            });","        });","        // run tests","        local.testRunBrowser();","        break;","","","","    // run node js-env code - init-after","    /* istanbul ignore next */","    case 'node':","        // export local","        module.exports = local;","        // require modules","        local.fs = require('fs');","        local.http = require('http');","        local.url = require('url');","        // init assets","        local.assetsDict = local.assetsDict || {};","        /* jslint-ignore-begin */","        local.assetsDict['/assets.index.template.html'] = '\\","<!doctype html>\\n\\","<html lang=\"en\">\\n\\","<head>\\n\\","<meta charset=\"UTF-8\">\\n\\","<meta name=\"viewport\" content=\"width=device-width, initial-scale=1\">\\n\\","<title>{{env.npm_package_name}} (v{{env.npm_package_version}})</title>\\n\\","<style>\\n\\","/*csslint\\n\\","    box-sizing: false,\\n\\","    universal-selector: false\\n\\","*/\\n\\","* {\\n\\","    box-sizing: border-box;\\n\\","}\\n\\","body {\\n\\","    background: #dde;\\n\\","    font-family: Arial, Helvetica, sans-serif;\\n\\","    margin: 2rem;\\n\\","}\\n\\","body > * {\\n\\","    margin-bottom: 1rem;\\n\\","}\\n\\",".utility2FooterDiv {\\n\\","    margin-top: 20px;\\n\\","    text-align: center;\\n\\","}\\n\\","</style>\\n\\","<style>\\n\\","/*csslint\\n\\","*/\\n\\","textarea {\\n\\","    font-family: monospace;\\n\\","    height: 10rem;\\n\\","    width: 100%;\\n\\","}\\n\\","textarea[readonly] {\\n\\","    background: #ddd;\\n\\","}\\n\\","</style>\\n\\","</head>\\n\\","<body>\\n\\","<!-- utility2-comment\\n\\","<div id=\"ajaxProgressDiv1\" style=\"background: #d00; height: 2px; left: 0; margin: 0; padding: 0; position: fixed; top: 0; transition: background 0.5s, width 1.5s; width: 25%;\"></div>\\n\\","utility2-comment -->\\n\\","<h1>\\n\\","<!-- utility2-comment\\n\\","    <a\\n\\","        {{#if env.npm_package_homepage}}\\n\\","        href=\"{{env.npm_package_homepage}}\"\\n\\","        {{/if env.npm_package_homepage}}\\n\\","        target=\"_blank\"\\n\\","    >\\n\\","utility2-comment -->\\n\\","        {{env.npm_package_name}} (v{{env.npm_package_version}})\\n\\","<!-- utility2-comment\\n\\","    </a>\\n\\","utility2-comment -->\\n\\","</h1>\\n\\","<h3>{{env.npm_package_description}}</h3>\\n\\","<!-- utility2-comment\\n\\","<h4><a download href=\"assets.app.js\">download standalone app</a></h4>\\n\\","<button class=\"onclick onreset\" id=\"testRunButton1\">run internal test</button><br>\\n\\","<div id=\"testReportDiv1\" style=\"display: none;\"></div>\\n\\","utility2-comment -->\\n\\","\\n\\","\\n\\","\\n\\","<label>stderr and stdout</label>\\n\\","<textarea class=\"resettable\" id=\"outputTextareaStdout1\" readonly></textarea>\\n\\","<!-- utility2-comment\\n\\","{{#if isRollup}}\\n\\","<script src=\"assets.app.js\"></script>\\n\\","{{#unless isRollup}}\\n\\","utility2-comment -->\\n\\","<script src=\"assets.utility2.rollup.js\"></script>\\n\\","<script src=\"jsonp.utility2._stateInit?callback=window.utility2._stateInit\"></script>\\n\\","<script src=\"assets.npmtest_preprocess.rollup.js\"></script>\\n\\","<script src=\"assets.example.js\"></script>\\n\\","<script src=\"assets.test.js\"></script>\\n\\","<!-- utility2-comment\\n\\","{{/if isRollup}}\\n\\","utility2-comment -->\\n\\","<div class=\"utility2FooterDiv\">\\n\\","    [ this app was created with\\n\\","    <a href=\"https://github.com/kaizhu256/node-utility2\" target=\"_blank\">utility2</a>\\n\\","    ]\\n\\","</div>\\n\\","</body>\\n\\","</html>\\n\\","';","        /* jslint-ignore-end */","        if (local.templateRender) {","            local.assetsDict['/'] = local.templateRender(","                local.assetsDict['/assets.index.template.html'],","                {","                    env: local.objectSetDefault(local.env, {","                        npm_package_description: 'the greatest app in the world!',","                        npm_package_name: 'my-app',","                        npm_package_nameAlias: 'my_app',","                        npm_package_version: '0.0.1'","                    })","                }","            );","        } else {","            local.assetsDict['/'] = local.assetsDict['/assets.index.template.html']","                .replace((/\\{\\{env\\.(\\w+?)\\}\\}/g), function (match0, match1) {","                    // jslint-hack","                    String(match0);","                    switch (match1) {","                    case 'npm_package_description':","                        return 'the greatest app in the world!';","                    case 'npm_package_name':","                        return 'my-app';","                    case 'npm_package_nameAlias':","                        return 'my_app';","                    case 'npm_package_version':","                        return '0.0.1';","                    }","                });","        }","        // run the cli","        if (local.global.utility2_rollup || module !== require.main) {","            break;","        }","        local.assetsDict['/assets.example.js'] =","            local.assetsDict['/assets.example.js'] ||","            local.fs.readFileSync(__filename, 'utf8');","        // bug-workaround - long $npm_package_buildCustomOrg","        /* jslint-ignore-begin */","        local.assetsDict['/assets.npmtest_preprocess.rollup.js'] =","            local.assetsDict['/assets.npmtest_preprocess.rollup.js'] ||","            local.fs.readFileSync(","                local.npmtest_preprocess.__dirname + '/lib.npmtest_preprocess.js',","                'utf8'","            ).replace((/^#!/), '//');","        /* jslint-ignore-end */","        local.assetsDict['/favicon.ico'] = local.assetsDict['/favicon.ico'] || '';","        // if $npm_config_timeout_exit exists,","        // then exit this process after $npm_config_timeout_exit ms","        if (Number(process.env.npm_config_timeout_exit)) {","            setTimeout(process.exit, Number(process.env.npm_config_timeout_exit));","        }","        // start server","        if (local.global.utility2_serverHttp1) {","            break;","        }","        process.env.PORT = process.env.PORT || '8081';","        console.error('server starting on port ' + process.env.PORT);","        local.http.createServer(function (request, response) {","            request.urlParsed = local.url.parse(request.url);","            if (local.assetsDict[request.urlParsed.pathname] !== undefined) {","                response.end(local.assetsDict[request.urlParsed.pathname]);","                return;","            }","            response.statusCode = 404;","            response.end();","        }).listen(process.env.PORT);","        break;","    }","}());",""],"l":{"26":2,"28":2,"33":2,"35":2,"37":2,"38":2,"39":2,"44":1,"51":2,"55":2,"59":2,"61":2,"69":1,"70":2,"76":2,"79":2,"82":2,"83":2,"85":1,"89":2,"92":1,"93":1,"94":1,"96":1,"97":1,"100":1,"101":1,"103":1,"106":1,"108":2,"114":1,"116":1,"118":1,"123":1,"124":2,"125":2,"126":3,"127":3,"128":3,"129":3,"130":1,"133":3,"134":3,"139":3,"143":1,"144":3,"145":1,"149":1,"150":1,"158":1,"160":1,"161":1,"162":1,"164":1,"166":1,"258":1,"259":1,"271":1,"274":6,"275":6,"277":1,"279":2,"281":1,"283":2,"288":1,"289":1,"291":1,"296":1,"303":1,"306":1,"307":1,"310":1,"311":1,"313":1,"314":1,"315":1,"316":1,"317":1,"318":1,"319":1,"321":1,"322":1,"324":1}},"/home/travis/build/npmtest/node-npmtest-preprocess/node_modules/preprocess/lib/preprocess.js":{"path":"/home/travis/build/npmtest/node-npmtest-preprocess/node_modules/preprocess/lib/preprocess.js","s":{"1":1,"2":1,"3":1,"4":1,"5":1,"6":0,"7":0,"8":0,"9":0,"10":0,"11":0,"12":0,"13":1,"14":0,"15":0,"16":0,"17":0,"18":0,"19":1,"20":0,"21":0,"22":0,"23":0,"24":1,"25":0,"26":0,"27":1,"28":0,"29":0,"30":0,"31":0,"32":0,"33":0,"34":0,"35":0,"36":0,"37":0,"38":0,"39":0,"40":0,"41":0,"42":0,"43":1,"44":0,"45":0,"46":0,"47":0,"48":0,"49":0,"50":0,"51":0,"52":0,"53":0,"54":0,"55":0,"56":0,"57":0,"58":0,"59":0,"60":0,"61":0,"62":0,"63":0,"64":0,"65":0,"66":0,"67":0,"68":0,"69":0,"70":0,"71":0,"72":0,"73":0,"74":0,"75":0,"76":0,"77":0,"78":0,"79":0,"80":0,"81":0,"82":0,"83":0,"84":0,"85":0,"86":0,"87":0,"88":0,"89":0,"90":0,"91":0,"92":0,"93":0,"94":0,"95":0,"96":0,"97":0,"98":0,"99":0,"100":0,"101":0,"102":0,"103":0,"104":0,"105":0,"106":0,"107":0,"108":0,"109":0,"110":0,"111":0,"112":0,"113":0,"114":0,"115":0,"116":0,"117":0,"118":0,"119":0,"120":0,"121":1,"122":0,"123":0,"124":0,"125":0,"126":0,"127":0,"128":0,"129":0,"130":0,"131":0,"132":0,"133":0,"134":0,"135":0,"136":1,"137":0,"138":0,"139":0,"140":0,"141":1,"142":0,"143":0,"144":0,"145":1,"146":0,"147":0,"148":0,"149":0,"150":0,"151":0,"152":0,"153":0,"154":0,"155":0,"156":1,"157":0,"158":0,"159":0,"160":0,"161":1,"162":0,"163":0,"164":0,"165":0,"166":0,"167":0,"168":0,"169":0,"170":0,"171":0,"172":0,"173":0,"174":0,"175":0,"176":0,"177":1,"178":0,"179":0,"180":0,"181":0,"182":0,"183":0,"184":0,"185":0,"186":0,"187":0,"188":0,"189":0,"190":0,"191":0,"192":0,"193":0,"194":0,"195":1,"196":0,"197":0,"198":0,"199":0,"200":1,"201":0,"202":0,"203":1,"204":0,"205":0,"206":0,"207":0,"208":0,"209":0,"210":0,"211":0,"212":0,"213":1,"214":0,"215":0,"216":0,"217":1,"218":0,"219":0,"220":0,"221":0,"222":0,"223":0,"224":0,"225":0},"b":{"1":[0,0],"2":[0,0],"3":[0,0],"4":[0,0],"5":[0,0],"6":[0,0],"7":[0,0],"8":[0,0],"9":[0,0],"10":[0,0],"11":[0,0],"12":[0,0],"13":[0,0],"14":[0,0],"15":[0,0],"16":[0,0],"17":[0,0],"18":[0,0],"19":[0,0],"20":[0,0],"21":[0,0],"22":[0,0],"23":[0,0],"24":[0,0],"25":[0,0],"26":[0,0],"27":[0,0],"28":[0,0],"29":[0,0],"30":[0,0,0,0],"31":[0,0],"32":[0,0],"33":[0,0],"34":[0,0],"35":[0,0],"36":[0,0],"37":[0,0],"38":[0,0],"39":[0,0],"40":[0,0],"41":[0,0],"42":[0,0],"43":[0,0],"44":[0,0],"45":[0,0],"46":[0,0],"47":[0,0],"48":[0,0],"49":[0,0],"50":[0,0],"51":[0,0],"52":[0,0],"53":[0,0],"54":[0,0],"55":[0,0,0,0],"56":[0,0],"57":[0,0],"58":[0,0],"59":[0,0],"60":[0,0],"61":[0,0],"62":[0,0],"63":[0,0]},"f":{"1":0,"2":0,"3":0,"4":0,"5":0,"6":0,"7":0,"8":0,"9":0,"10":0,"11":0,"12":0,"13":0,"14":0,"15":0,"16":0,"17":0,"18":0,"19":0,"20":0,"21":0,"22":0,"23":0,"24":0,"25":0,"26":0,"27":0,"28":0,"29":0,"30":0,"31":0,"32":0,"33":0},"fnMap":{"1":{"name":"preprocessFile","line":22,"loc":{"start":{"line":22,"column":0},"end":{"line":22,"column":71}}},"2":{"name":"(anonymous_2)","line":26,"loc":{"start":{"line":26,"column":23},"end":{"line":26,"column":44}}},"3":{"name":"preprocessFileSync","line":33,"loc":{"start":{"line":33,"column":0},"end":{"line":33,"column":65}}},"4":{"name":"getOptionsForFile","line":42,"loc":{"start":{"line":42,"column":0},"end":{"line":42,"column":45}}},"5":{"name":"getExtension","line":50,"loc":{"start":{"line":50,"column":0},"end":{"line":50,"column":32}}},"6":{"name":"preprocess","line":55,"loc":{"start":{"line":55,"column":0},"end":{"line":55,"column":49}}},"7":{"name":"preprocessor","line":92,"loc":{"start":{"line":92,"column":0},"end":{"line":92,"column":56}}},"8":{"name":"(anonymous_8)","line":100,"loc":{"start":{"line":100,"column":48},"end":{"line":100,"column":101}}},"9":{"name":"(anonymous_9)","line":124,"loc":{"start":{"line":124,"column":49},"end":{"line":124,"column":102}}},"10":{"name":"(anonymous_10)","line":136,"loc":{"start":{"line":136,"column":32},"end":{"line":136,"column":50}}},"11":{"name":"(anonymous_11)","line":146,"loc":{"start":{"line":146,"column":43},"end":{"line":146,"column":74}}},"12":{"name":"(anonymous_12)","line":157,"loc":{"start":{"line":157,"column":49},"end":{"line":157,"column":101}}},"13":{"name":"(anonymous_13)","line":164,"loc":{"start":{"line":164,"column":44},"end":{"line":164,"column":98}}},"14":{"name":"(anonymous_14)","line":180,"loc":{"start":{"line":180,"column":35},"end":{"line":180,"column":62}}},"15":{"name":"(anonymous_15)","line":189,"loc":{"start":{"line":189,"column":35},"end":{"line":189,"column":65}}},"16":{"name":"(anonymous_16)","line":196,"loc":{"start":{"line":196,"column":24},"end":{"line":196,"column":39}}},"17":{"name":"getEolType","line":220,"loc":{"start":{"line":220,"column":0},"end":{"line":220,"column":28}}},"18":{"name":"normalizeEol","line":244,"loc":{"start":{"line":244,"column":0},"end":{"line":244,"column":38}}},"19":{"name":"restoreEol","line":255,"loc":{"start":{"line":255,"column":0},"end":{"line":255,"column":51}}},"20":{"name":"replace","line":263,"loc":{"start":{"line":263,"column":0},"end":{"line":263,"column":38}}},"21":{"name":"(anonymous_21)","line":270,"loc":{"start":{"line":270,"column":20},"end":{"line":270,"column":37}}},"22":{"name":"(anonymous_22)","line":277,"loc":{"start":{"line":277,"column":21},"end":{"line":277,"column":39}}},"23":{"name":"replaceRecursive","line":282,"loc":{"start":{"line":282,"column":0},"end":{"line":282,"column":47}}},"24":{"name":"matchReplacePass","line":290,"loc":{"start":{"line":290,"column":2},"end":{"line":290,"column":37}}},"25":{"name":"(anonymous_25)","line":301,"loc":{"start":{"line":301,"column":26},"end":{"line":301,"column":52}}},"26":{"name":"processIncludeDirective","line":325,"loc":{"start":{"line":325,"column":0},"end":{"line":325,"column":83}}},"27":{"name":"getTestTemplate","line":354,"loc":{"start":{"line":354,"column":0},"end":{"line":354,"column":31}}},"28":{"name":"testPasses","line":365,"loc":{"start":{"line":365,"column":0},"end":{"line":365,"column":34}}},"29":{"name":"getFileContents","line":370,"loc":{"start":{"line":370,"column":0},"end":{"line":370,"column":58}}},"30":{"name":"copy","line":386,"loc":{"start":{"line":386,"column":0},"end":{"line":386,"column":19}}},"31":{"name":"(anonymous_31)","line":387,"loc":{"start":{"line":387,"column":33},"end":{"line":387,"column":60}}},"32":{"name":"getDeepPropFromObj","line":393,"loc":{"start":{"line":393,"column":0},"end":{"line":393,"column":43}}},"33":{"name":"(anonymous_33)","line":403,"loc":{"start":{"line":403,"column":16},"end":{"line":403,"column":39}}}},"statementMap":{"1":{"start":{"line":12,"column":0},"end":{"line":12,"column":40}},"2":{"start":{"line":13,"column":0},"end":{"line":13,"column":44}},"3":{"start":{"line":14,"column":0},"end":{"line":14,"column":48}},"4":{"start":{"line":16,"column":0},"end":{"line":20,"column":33}},"5":{"start":{"line":22,"column":0},"end":{"line":31,"column":1}},"6":{"start":{"line":23,"column":2},"end":{"line":23,"column":48}},"7":{"start":{"line":24,"column":2},"end":{"line":24,"column":24}},"8":{"start":{"line":26,"column":2},"end":{"line":30,"column":5}},"9":{"start":{"line":27,"column":4},"end":{"line":27,"column":40}},"10":{"start":{"line":27,"column":13},"end":{"line":27,"column":40}},"11":{"start":{"line":28,"column":4},"end":{"line":28,"column":52}},"12":{"start":{"line":29,"column":4},"end":{"line":29,"column":45}},"13":{"start":{"line":33,"column":0},"end":{"line":40,"column":1}},"14":{"start":{"line":34,"column":2},"end":{"line":34,"column":48}},"15":{"start":{"line":35,"column":2},"end":{"line":35,"column":24}},"16":{"start":{"line":37,"column":2},"end":{"line":37,"column":38}},"17":{"start":{"line":38,"column":2},"end":{"line":38,"column":50}},"18":{"start":{"line":39,"column":2},"end":{"line":39,"column":44}},"19":{"start":{"line":42,"column":0},"end":{"line":48,"column":1}},"20":{"start":{"line":43,"column":2},"end":{"line":43,"column":26}},"21":{"start":{"line":44,"column":2},"end":{"line":44,"column":59}},"22":{"start":{"line":45,"column":2},"end":{"line":45,"column":55}},"23":{"start":{"line":47,"column":2},"end":{"line":47,"column":17}},"24":{"start":{"line":50,"column":0},"end":{"line":53,"column":1}},"25":{"start":{"line":51,"column":2},"end":{"line":51,"column":50}},"26":{"start":{"line":52,"column":2},"end":{"line":52,"column":29}},"27":{"start":{"line":55,"column":0},"end":{"line":90,"column":1}},"28":{"start":{"line":56,"column":2},"end":{"line":56,"column":23}},"29":{"start":{"line":57,"column":2},"end":{"line":57,"column":35}},"30":{"start":{"line":60,"column":2},"end":{"line":65,"column":4}},"31":{"start":{"line":68,"column":2},"end":{"line":72,"column":3}},"32":{"start":{"line":69,"column":4},"end":{"line":71,"column":6}},"33":{"start":{"line":75,"column":2},"end":{"line":78,"column":3}},"34":{"start":{"line":76,"column":4},"end":{"line":76,"column":40}},"35":{"start":{"line":77,"column":4},"end":{"line":77,"column":42}},"36":{"start":{"line":80,"column":2},"end":{"line":85,"column":3}},"37":{"start":{"line":81,"column":4},"end":{"line":81,"column":60}},"38":{"start":{"line":82,"column":4},"end":{"line":82,"column":108}},"39":{"start":{"line":83,"column":4},"end":{"line":83,"column":60}},"40":{"start":{"line":84,"column":4},"end":{"line":84,"column":61}},"41":{"start":{"line":87,"column":2},"end":{"line":87,"column":26}},"42":{"start":{"line":89,"column":2},"end":{"line":89,"column":45}},"43":{"start":{"line":92,"column":0},"end":{"line":218,"column":1}},"44":{"start":{"line":93,"column":2},"end":{"line":93,"column":26}},"45":{"start":{"line":95,"column":2},"end":{"line":95,"column":15}},"46":{"start":{"line":97,"column":2},"end":{"line":97,"column":96}},"47":{"start":{"line":99,"column":2},"end":{"line":121,"column":3}},"48":{"start":{"line":100,"column":4},"end":{"line":120,"column":7}},"49":{"start":{"line":101,"column":6},"end":{"line":101,"column":48}},"50":{"start":{"line":102,"column":6},"end":{"line":102,"column":42}},"51":{"start":{"line":103,"column":6},"end":{"line":103,"column":36}},"52":{"start":{"line":104,"column":6},"end":{"line":104,"column":57}},"53":{"start":{"line":105,"column":6},"end":{"line":105,"column":62}},"54":{"start":{"line":107,"column":6},"end":{"line":107,"column":104}},"55":{"start":{"line":108,"column":6},"end":{"line":110,"column":7}},"56":{"start":{"line":109,"column":8},"end":{"line":109,"column":37}},"57":{"start":{"line":112,"column":6},"end":{"line":112,"column":107}},"58":{"start":{"line":114,"column":6},"end":{"line":119,"column":7}},"59":{"start":{"line":115,"column":8},"end":{"line":115,"column":52}},"60":{"start":{"line":116,"column":8},"end":{"line":116,"column":79}},"61":{"start":{"line":118,"column":8},"end":{"line":118,"column":18}},"62":{"start":{"line":123,"column":2},"end":{"line":154,"column":3}},"63":{"start":{"line":124,"column":4},"end":{"line":153,"column":7}},"64":{"start":{"line":125,"column":6},"end":{"line":125,"column":52}},"65":{"start":{"line":126,"column":6},"end":{"line":126,"column":42}},"66":{"start":{"line":127,"column":6},"end":{"line":152,"column":7}},"67":{"start":{"line":128,"column":8},"end":{"line":128,"column":38}},"68":{"start":{"line":129,"column":8},"end":{"line":129,"column":64}},"69":{"start":{"line":130,"column":8},"end":{"line":130,"column":20}},"70":{"start":{"line":131,"column":8},"end":{"line":141,"column":9}},"71":{"start":{"line":132,"column":10},"end":{"line":132,"column":42}},"72":{"start":{"line":133,"column":15},"end":{"line":141,"column":9}},"73":{"start":{"line":134,"column":10},"end":{"line":134,"column":43}},"74":{"start":{"line":135,"column":10},"end":{"line":135,"column":39}},"75":{"start":{"line":136,"column":10},"end":{"line":138,"column":13}},"76":{"start":{"line":137,"column":12},"end":{"line":137,"column":64}},"77":{"start":{"line":140,"column":10},"end":{"line":140,"column":41}},"78":{"start":{"line":143,"column":8},"end":{"line":143,"column":73}},"79":{"start":{"line":144,"column":8},"end":{"line":144,"column":47}},"80":{"start":{"line":146,"column":8},"end":{"line":149,"column":15}},"81":{"start":{"line":147,"column":10},"end":{"line":147,"column":41}},"82":{"start":{"line":148,"column":10},"end":{"line":148,"column":81}},"83":{"start":{"line":151,"column":8},"end":{"line":151,"column":18}},"84":{"start":{"line":156,"column":2},"end":{"line":161,"column":3}},"85":{"start":{"line":157,"column":4},"end":{"line":160,"column":7}},"86":{"start":{"line":158,"column":6},"end":{"line":158,"column":48}},"87":{"start":{"line":159,"column":6},"end":{"line":159,"column":62}},"88":{"start":{"line":163,"column":2},"end":{"line":178,"column":3}},"89":{"start":{"line":164,"column":4},"end":{"line":177,"column":7}},"90":{"start":{"line":165,"column":6},"end":{"line":165,"column":36}},"91":{"start":{"line":166,"column":6},"end":{"line":166,"column":48}},"92":{"start":{"line":167,"column":6},"end":{"line":176,"column":7}},"93":{"start":{"line":169,"column":10},"end":{"line":169,"column":66}},"94":{"start":{"line":171,"column":10},"end":{"line":171,"column":98}},"95":{"start":{"line":173,"column":10},"end":{"line":173,"column":98}},"96":{"start":{"line":175,"column":10},"end":{"line":175,"column":65}},"97":{"start":{"line":180,"column":2},"end":{"line":187,"column":5}},"98":{"start":{"line":181,"column":4},"end":{"line":181,"column":39}},"99":{"start":{"line":183,"column":4},"end":{"line":183,"column":55}},"100":{"start":{"line":184,"column":4},"end":{"line":184,"column":43}},"101":{"start":{"line":184,"column":21},"end":{"line":184,"column":43}},"102":{"start":{"line":186,"column":4},"end":{"line":186,"column":64}},"103":{"start":{"line":189,"column":2},"end":{"line":209,"column":5}},"104":{"start":{"line":190,"column":4},"end":{"line":190,"column":31}},"105":{"start":{"line":191,"column":4},"end":{"line":191,"column":24}},"106":{"start":{"line":193,"column":4},"end":{"line":193,"column":34}},"107":{"start":{"line":194,"column":4},"end":{"line":194,"column":39}},"108":{"start":{"line":196,"column":4},"end":{"line":203,"column":7}},"109":{"start":{"line":197,"column":6},"end":{"line":197,"column":27}},"110":{"start":{"line":198,"column":6},"end":{"line":202,"column":7}},"111":{"start":{"line":199,"column":8},"end":{"line":199,"column":48}},"112":{"start":{"line":201,"column":8},"end":{"line":201,"column":50}},"113":{"start":{"line":205,"column":4},"end":{"line":205,"column":47}},"114":{"start":{"line":206,"column":4},"end":{"line":206,"column":51}},"115":{"start":{"line":206,"column":41},"end":{"line":206,"column":51}},"116":{"start":{"line":208,"column":4},"end":{"line":208,"column":37}},"117":{"start":{"line":211,"column":2},"end":{"line":211,"column":105}},"118":{"start":{"line":213,"column":2},"end":{"line":215,"column":3}},"119":{"start":{"line":214,"column":4},"end":{"line":214,"column":37}},"120":{"start":{"line":217,"column":2},"end":{"line":217,"column":12}},"121":{"start":{"line":220,"column":0},"end":{"line":242,"column":1}},"122":{"start":{"line":221,"column":2},"end":{"line":221,"column":10}},"123":{"start":{"line":222,"column":2},"end":{"line":222,"column":26}},"124":{"start":{"line":224,"column":2},"end":{"line":227,"column":3}},"125":{"start":{"line":225,"column":4},"end":{"line":225,"column":17}},"126":{"start":{"line":226,"column":4},"end":{"line":226,"column":22}},"127":{"start":{"line":228,"column":2},"end":{"line":231,"column":3}},"128":{"start":{"line":229,"column":4},"end":{"line":229,"column":15}},"129":{"start":{"line":230,"column":4},"end":{"line":230,"column":22}},"130":{"start":{"line":232,"column":2},"end":{"line":235,"column":3}},"131":{"start":{"line":233,"column":4},"end":{"line":233,"column":15}},"132":{"start":{"line":234,"column":4},"end":{"line":234,"column":22}},"133":{"start":{"line":237,"column":2},"end":{"line":239,"column":3}},"134":{"start":{"line":238,"column":4},"end":{"line":238,"column":17}},"135":{"start":{"line":241,"column":2},"end":{"line":241,"column":13}},"136":{"start":{"line":244,"column":0},"end":{"line":253,"column":1}},"137":{"start":{"line":246,"column":2},"end":{"line":250,"column":3}},"138":{"start":{"line":247,"column":4},"end":{"line":247,"column":60}},"139":{"start":{"line":249,"column":4},"end":{"line":249,"column":50}},"140":{"start":{"line":252,"column":2},"end":{"line":252,"column":16}},"141":{"start":{"line":255,"column":0},"end":{"line":261,"column":1}},"142":{"start":{"line":256,"column":2},"end":{"line":258,"column":3}},"143":{"start":{"line":257,"column":4},"end":{"line":257,"column":68}},"144":{"start":{"line":260,"column":2},"end":{"line":260,"column":26}},"145":{"start":{"line":263,"column":0},"end":{"line":280,"column":1}},"146":{"start":{"line":264,"column":2},"end":{"line":264,"column":67}},"147":{"start":{"line":265,"column":2},"end":{"line":265,"column":36}},"148":{"start":{"line":267,"column":2},"end":{"line":275,"column":3}},"149":{"start":{"line":268,"column":4},"end":{"line":268,"column":36}},"150":{"start":{"line":269,"column":9},"end":{"line":275,"column":3}},"151":{"start":{"line":270,"column":4},"end":{"line":272,"column":7}},"152":{"start":{"line":271,"column":6},"end":{"line":271,"column":39}},"153":{"start":{"line":274,"column":4},"end":{"line":274,"column":69}},"154":{"start":{"line":277,"column":2},"end":{"line":279,"column":9}},"155":{"start":{"line":278,"column":4},"end":{"line":278,"column":39}},"156":{"start":{"line":282,"column":0},"end":{"line":322,"column":1}},"157":{"start":{"line":283,"column":2},"end":{"line":285,"column":3}},"158":{"start":{"line":284,"column":4},"end":{"line":284,"column":63}},"159":{"start":{"line":287,"column":2},"end":{"line":287,"column":48}},"160":{"start":{"line":288,"column":2},"end":{"line":288,"column":44}},"161":{"start":{"line":290,"column":2},"end":{"line":319,"column":3}},"162":{"start":{"line":291,"column":4},"end":{"line":293,"column":7}},"163":{"start":{"line":295,"column":4},"end":{"line":299,"column":6}},"164":{"start":{"line":301,"column":4},"end":{"line":318,"column":11}},"165":{"start":{"line":302,"column":6},"end":{"line":316,"column":7}},"166":{"start":{"line":304,"column":10},"end":{"line":304,"column":33}},"167":{"start":{"line":305,"column":10},"end":{"line":305,"column":16}},"168":{"start":{"line":307,"column":10},"end":{"line":307,"column":57}},"169":{"start":{"line":308,"column":10},"end":{"line":308,"column":16}},"170":{"start":{"line":310,"column":10},"end":{"line":310,"column":41}},"171":{"start":{"line":311,"column":10},"end":{"line":311,"column":16}},"172":{"start":{"line":313,"column":10},"end":{"line":313,"column":56}},"173":{"start":{"line":314,"column":10},"end":{"line":314,"column":102}},"174":{"start":{"line":315,"column":10},"end":{"line":315,"column":16}},"175":{"start":{"line":317,"column":6},"end":{"line":317,"column":21}},"176":{"start":{"line":321,"column":2},"end":{"line":321,"column":30}},"177":{"start":{"line":325,"column":0},"end":{"line":352,"column":1}},"178":{"start":{"line":326,"column":2},"end":{"line":326,"column":29}},"179":{"start":{"line":327,"column":2},"end":{"line":327,"column":46}},"180":{"start":{"line":328,"column":2},"end":{"line":328,"column":38}},"181":{"start":{"line":329,"column":2},"end":{"line":329,"column":32}},"182":{"start":{"line":330,"column":2},"end":{"line":330,"column":52}},"183":{"start":{"line":331,"column":2},"end":{"line":331,"column":58}},"184":{"start":{"line":333,"column":2},"end":{"line":333,"column":100}},"185":{"start":{"line":334,"column":2},"end":{"line":336,"column":3}},"186":{"start":{"line":335,"column":4},"end":{"line":335,"column":46}},"187":{"start":{"line":338,"column":2},"end":{"line":338,"column":45}},"188":{"start":{"line":339,"column":2},"end":{"line":343,"column":3}},"189":{"start":{"line":340,"column":4},"end":{"line":340,"column":43}},"190":{"start":{"line":342,"column":4},"end":{"line":342,"column":94}},"191":{"start":{"line":345,"column":2},"end":{"line":345,"column":56}},"192":{"start":{"line":347,"column":2},"end":{"line":351,"column":3}},"193":{"start":{"line":348,"column":4},"end":{"line":348,"column":39}},"194":{"start":{"line":350,"column":4},"end":{"line":350,"column":22}},"195":{"start":{"line":354,"column":0},"end":{"line":363,"column":1}},"196":{"start":{"line":356,"column":2},"end":{"line":356,"column":24}},"197":{"start":{"line":357,"column":2},"end":{"line":357,"column":21}},"198":{"start":{"line":360,"column":2},"end":{"line":360,"column":51}},"199":{"start":{"line":362,"column":2},"end":{"line":362,"column":83}},"200":{"start":{"line":365,"column":0},"end":{"line":368,"column":1}},"201":{"start":{"line":366,"column":2},"end":{"line":366,"column":37}},"202":{"start":{"line":367,"column":2},"end":{"line":367,"column":45}},"203":{"start":{"line":370,"column":0},"end":{"line":384,"column":1}},"204":{"start":{"line":371,"column":2},"end":{"line":382,"column":3}},"205":{"start":{"line":372,"column":4},"end":{"line":372,"column":22}},"206":{"start":{"line":374,"column":4},"end":{"line":381,"column":5}},"207":{"start":{"line":375,"column":6},"end":{"line":375,"column":59}},"208":{"start":{"line":377,"column":6},"end":{"line":377,"column":24}},"209":{"start":{"line":378,"column":6},"end":{"line":378,"column":84}},"210":{"start":{"line":379,"column":6},"end":{"line":379,"column":30}},"211":{"start":{"line":380,"column":6},"end":{"line":380,"column":30}},"212":{"start":{"line":383,"column":2},"end":{"line":383,"column":68}},"213":{"start":{"line":386,"column":0},"end":{"line":391,"column":1}},"214":{"start":{"line":387,"column":2},"end":{"line":390,"column":9}},"215":{"start":{"line":388,"column":4},"end":{"line":388,"column":34}},"216":{"start":{"line":389,"column":4},"end":{"line":389,"column":19}},"217":{"start":{"line":393,"column":0},"end":{"line":409,"column":1}},"218":{"start":{"line":394,"column":2},"end":{"line":394,"column":44}},"219":{"start":{"line":395,"column":2},"end":{"line":395,"column":33}},"220":{"start":{"line":398,"column":2},"end":{"line":400,"column":3}},"221":{"start":{"line":399,"column":4},"end":{"line":399,"column":28}},"222":{"start":{"line":403,"column":2},"end":{"line":406,"column":5}},"223":{"start":{"line":404,"column":4},"end":{"line":404,"column":27}},"224":{"start":{"line":405,"column":4},"end":{"line":405,"column":25}},"225":{"start":{"line":408,"column":2},"end":{"line":408,"column":13}}},"branchMap":{"1":{"line":27,"type":"if","locations":[{"start":{"line":27,"column":4},"end":{"line":27,"column":4}},{"start":{"line":27,"column":4},"end":{"line":27,"column":4}}]},"2":{"line":43,"type":"binary-expr","locations":[{"start":{"line":43,"column":12},"end":{"line":43,"column":19}},{"start":{"line":43,"column":23},"end":{"line":43,"column":25}}]},"3":{"line":44,"type":"binary-expr","locations":[{"start":{"line":44,"column":19},"end":{"line":44,"column":33}},{"start":{"line":44,"column":37},"end":{"line":44,"column":58}}]},"4":{"line":45,"type":"binary-expr","locations":[{"start":{"line":45,"column":17},"end":{"line":45,"column":29}},{"start":{"line":45,"column":33},"end":{"line":45,"column":54}}]},"5":{"line":51,"type":"binary-expr","locations":[{"start":{"line":51,"column":25},"end":{"line":51,"column":33}},{"start":{"line":51,"column":35},"end":{"line":51,"column":37}}]},"6":{"line":57,"type":"binary-expr","locations":[{"start":{"line":57,"column":12},"end":{"line":57,"column":19}},{"start":{"line":57,"column":23},"end":{"line":57,"column":34}}]},"7":{"line":68,"type":"if","locations":[{"start":{"line":68,"column":2},"end":{"line":68,"column":2}},{"start":{"line":68,"column":2},"end":{"line":68,"column":2}}]},"8":{"line":75,"type":"if","locations":[{"start":{"line":75,"column":2},"end":{"line":75,"column":2}},{"start":{"line":75,"column":2},"end":{"line":75,"column":2}}]},"9":{"line":76,"type":"binary-expr","locations":[{"start":{"line":76,"column":20},"end":{"line":76,"column":33}},{"start":{"line":76,"column":37},"end":{"line":76,"column":39}}]},"10":{"line":80,"type":"if","locations":[{"start":{"line":80,"column":2},"end":{"line":80,"column":2}},{"start":{"line":80,"column":2},"end":{"line":80,"column":2}}]},"11":{"line":80,"type":"binary-expr","locations":[{"start":{"line":80,"column":6},"end":{"line":80,"column":19}},{"start":{"line":80,"column":23},"end":{"line":80,"column":56}}]},"12":{"line":81,"type":"binary-expr","locations":[{"start":{"line":81,"column":21},"end":{"line":81,"column":41}},{"start":{"line":81,"column":45},"end":{"line":81,"column":59}}]},"13":{"line":82,"type":"binary-expr","locations":[{"start":{"line":82,"column":37},"end":{"line":82,"column":73}},{"start":{"line":82,"column":77},"end":{"line":82,"column":107}}]},"14":{"line":83,"type":"binary-expr","locations":[{"start":{"line":83,"column":21},"end":{"line":83,"column":41}},{"start":{"line":83,"column":45},"end":{"line":83,"column":59}}]},"15":{"line":84,"type":"binary-expr","locations":[{"start":{"line":84,"column":19},"end":{"line":84,"column":44}},{"start":{"line":84,"column":48},"end":{"line":84,"column":60}}]},"16":{"line":99,"type":"if","locations":[{"start":{"line":99,"column":2},"end":{"line":99,"column":2}},{"start":{"line":99,"column":2},"end":{"line":99,"column":2}}]},"17":{"line":101,"type":"binary-expr","locations":[{"start":{"line":101,"column":18},"end":{"line":101,"column":33}},{"start":{"line":101,"column":37},"end":{"line":101,"column":39}}]},"18":{"line":108,"type":"if","locations":[{"start":{"line":108,"column":6},"end":{"line":108,"column":6}},{"start":{"line":108,"column":6},"end":{"line":108,"column":6}}]},"19":{"line":114,"type":"if","locations":[{"start":{"line":114,"column":6},"end":{"line":114,"column":6}},{"start":{"line":114,"column":6},"end":{"line":114,"column":6}}]},"20":{"line":123,"type":"if","locations":[{"start":{"line":123,"column":2},"end":{"line":123,"column":2}},{"start":{"line":123,"column":2},"end":{"line":123,"column":2}}]},"21":{"line":125,"type":"binary-expr","locations":[{"start":{"line":125,"column":22},"end":{"line":125,"column":37}},{"start":{"line":125,"column":41},"end":{"line":125,"column":43}}]},"22":{"line":127,"type":"if","locations":[{"start":{"line":127,"column":6},"end":{"line":127,"column":6}},{"start":{"line":127,"column":6},"end":{"line":127,"column":6}}]},"23":{"line":131,"type":"if","locations":[{"start":{"line":131,"column":8},"end":{"line":131,"column":8}},{"start":{"line":131,"column":8},"end":{"line":131,"column":8}}]},"24":{"line":133,"type":"if","locations":[{"start":{"line":133,"column":15},"end":{"line":133,"column":15}},{"start":{"line":133,"column":15},"end":{"line":133,"column":15}}]},"25":{"line":156,"type":"if","locations":[{"start":{"line":156,"column":2},"end":{"line":156,"column":2}},{"start":{"line":156,"column":2},"end":{"line":156,"column":2}}]},"26":{"line":158,"type":"binary-expr","locations":[{"start":{"line":158,"column":18},"end":{"line":158,"column":33}},{"start":{"line":158,"column":37},"end":{"line":158,"column":39}}]},"27":{"line":159,"type":"cond-expr","locations":[{"start":{"line":159,"column":40},"end":{"line":159,"column":42}},{"start":{"line":159,"column":45},"end":{"line":159,"column":61}}]},"28":{"line":163,"type":"if","locations":[{"start":{"line":163,"column":2},"end":{"line":163,"column":2}},{"start":{"line":163,"column":2},"end":{"line":163,"column":2}}]},"29":{"line":166,"type":"binary-expr","locations":[{"start":{"line":166,"column":18},"end":{"line":166,"column":33}},{"start":{"line":166,"column":37},"end":{"line":166,"column":39}}]},"30":{"line":167,"type":"switch","locations":[{"start":{"line":168,"column":8},"end":{"line":169,"column":66}},{"start":{"line":170,"column":8},"end":{"line":171,"column":98}},{"start":{"line":172,"column":8},"end":{"line":173,"column":98}},{"start":{"line":174,"column":8},"end":{"line":175,"column":65}}]},"31":{"line":169,"type":"cond-expr","locations":[{"start":{"line":169,"column":44},"end":{"line":169,"column":60}},{"start":{"line":169,"column":63},"end":{"line":169,"column":65}}]},"32":{"line":171,"type":"cond-expr","locations":[{"start":{"line":171,"column":76},"end":{"line":171,"column":92}},{"start":{"line":171,"column":95},"end":{"line":171,"column":97}}]},"33":{"line":173,"type":"cond-expr","locations":[{"start":{"line":173,"column":76},"end":{"line":173,"column":92}},{"start":{"line":173,"column":95},"end":{"line":173,"column":97}}]},"34":{"line":181,"type":"binary-expr","locations":[{"start":{"line":181,"column":16},"end":{"line":181,"column":24}},{"start":{"line":181,"column":28},"end":{"line":181,"column":30}}]},"35":{"line":184,"type":"if","locations":[{"start":{"line":184,"column":4},"end":{"line":184,"column":4}},{"start":{"line":184,"column":4},"end":{"line":184,"column":4}}]},"36":{"line":186,"type":"binary-expr","locations":[{"start":{"line":186,"column":40},"end":{"line":186,"column":48}},{"start":{"line":186,"column":52},"end":{"line":186,"column":54}}]},"37":{"line":190,"type":"binary-expr","locations":[{"start":{"line":190,"column":12},"end":{"line":190,"column":16}},{"start":{"line":190,"column":20},"end":{"line":190,"column":22}}]},"38":{"line":191,"type":"binary-expr","locations":[{"start":{"line":191,"column":12},"end":{"line":191,"column":17}},{"start":{"line":191,"column":21},"end":{"line":191,"column":23}}]},"39":{"line":198,"type":"if","locations":[{"start":{"line":198,"column":6},"end":{"line":198,"column":6}},{"start":{"line":198,"column":6},"end":{"line":198,"column":6}}]},"40":{"line":206,"type":"if","locations":[{"start":{"line":206,"column":4},"end":{"line":206,"column":4}},{"start":{"line":206,"column":4},"end":{"line":206,"column":4}}]},"41":{"line":206,"type":"binary-expr","locations":[{"start":{"line":206,"column":8},"end":{"line":206,"column":11}},{"start":{"line":206,"column":15},"end":{"line":206,"column":39}}]},"42":{"line":213,"type":"if","locations":[{"start":{"line":213,"column":2},"end":{"line":213,"column":2}},{"start":{"line":213,"column":2},"end":{"line":213,"column":2}}]},"43":{"line":224,"type":"if","locations":[{"start
[...]
, context, opts));","","  if (!noRestoreEol) {","    rv = restoreEol(rv, opts.srcEol);","  }","","  return rv;","}","","function getEolType(source) {","  var eol;","  var foundEolTypeCnt = 0;","","  if (source.indexOf('\\r\\n') >= 0) {","    eol = '\\r\\n';","    foundEolTypeCnt++;","  }","  if (/\\r[^\\n]/.test(source)) {","    eol = '\\r';","    foundEolTypeCnt++;","  }","  if (/[^\\r]\\n/.test(source)) {","    eol = '\\n';","    foundEolTypeCnt++;","  }","","  if (eol == null || foundEolTypeCnt > 1) {","    eol = os.EOL;","  }","","  return eol;","}","","function normalizeEol(source, indent) {","  // only process any kind of EOL if indentation has to be added, otherwise replace only non \\n EOLs","  if (indent) {","    source = source.replace(/(?:\\r?\\n)|\\r/g, '\\n' + indent);","  } else {","    source = source.replace(/(?:\\r\\n)|\\r/g, '\\n');","  }","","  return source;","}","","function restoreEol(normalizedSource, originalEol) {","  if (originalEol !== '\\n') {","    normalizedSource = normalizedSource.replace(/\\n/g, originalEol);","  }","","  return normalizedSource;","}","","function replace(rv, rule, processor) {","  var isRegex = typeof rule === 'string' || rule instanceof RegExp;","  var isArray = Array.isArray(rule);","","  if (isRegex) {","    rule = [new RegExp(rule,'gmi')];","  } else if (isArray) {","    rule = rule.map(function(subRule){","      return new RegExp(subRule,'gmi');","    });","  } else {","    throw new Error('Rule must be a String, a RegExp, or an Array.');","  }","","  return rule.reduce(function(rv, rule){","    return rv.replace(rule, processor);","  }, rv);","}","","function replaceRecursive(rv, rule, processor) {","  if(!rule.start || !rule.end) {","    throw new Error('Recursive rule must have start and end.');","  }","","  var startRegex = new RegExp(rule.start, 'mi');","  var endRegex = new RegExp(rule.end, 'mi');","","  function matchReplacePass(content) {","    var matches = XRegExp.matchRecursive(content, rule.start, rule.end, 'gmi', {","      valueNames: ['between', 'left', 'match', 'right']","    });","","    var matchGroup = {","      left: null,","      match: null,","      right: null","    };","","    return matches.reduce(function (builder, match) {","      switch(match.name) {","        case 'between':","          builder += match.value;","          break;","        case 'left':","          matchGroup.left = startRegex.exec(match.value);","          break;","        case 'match':","          matchGroup.match = match.value;","          break;","        case 'right':","          matchGroup.right = endRegex.exec(match.value);","          builder += processor(matchGroup.left, matchGroup.right, matchGroup.match, matchReplacePass);","          break;","      }","      return builder;","    }, '');","  }","","  return matchReplacePass(rv);","}","","","function processIncludeDirective(isStatic, context, opts, match, linePrefix, file) {","  file = (file || '').trim();","  var indent = linePrefix.replace(/\\S/g, ' ');","  var includedContext = copy(context);","  var includedOpts = copy(opts);","  includedContext.src = path.join(opts.srcDir,file);","  includedOpts.srcDir = path.dirname(includedContext.src);","","  var fileContents = getFileContents(includedContext.src, opts.fileNotFoundSilentFail, context.src);","  if (fileContents.error) {","    return linePrefix + fileContents.contents;","  }","","  var includedSource = fileContents.contents;","  if (isStatic) {","    includedSource = fileContents.contents;","  } else {","    includedSource = preprocessor(fileContents.contents, includedContext, includedOpts, true);","  }","","  includedSource = normalizeEol(includedSource, indent);","","  if (includedSource) {","    return linePrefix + includedSource;","  } else {","    return linePrefix;","  }","}","","function getTestTemplate(test) {","  /*jshint evil:true*/","  test = test || 'true';","  test = test.trim();","","  // force single equals replacement","  test = test.replace(/([^=!])=([^=])/g, '$1==$2');","","  return new Function(\"context\", \"with (context||{}){ return ( \" + test + \" ); }\");","}","","function testPasses(test,context) {","  var testFn = getTestTemplate(test);","  return testFn(context, getDeepPropFromObj);","}","","function getFileContents(path, failSilent, requesterPath) {","  try {","    fs.statSync(path);","  } catch (e) {","    if (failSilent) {","      return {error: true, contents: path + ' not found!'};","    } else {","      var errMsg = path;","      errMsg = requesterPath ? errMsg + ' requested from ' + requesterPath : errMsg;","      errMsg += ' not found!';","      throw new Error(errMsg);","    }","  }","  return {error: false, contents: fs.readFileSync(path).toString()};","}","","function copy(obj) {","  return Object.keys(obj).reduce(function (copyObj, objKey) {","    copyObj[objKey] = obj[objKey];","    return copyObj;","  }, {});","}","","function getDeepPropFromObj(obj, propPath) {","  propPath.replace(/\\[([^\\]+?])\\]/g, '.$1');","  propPath = propPath.split('.');","","  // fast path, no need to loop if structurePath contains only a single segment","  if (propPath.length === 1) {","    return obj[propPath[0]];","  }","","  // loop only as long as possible (no exceptions for null/undefined property access)","  propPath.some(function (pathSegment) {","    obj = obj[pathSegment];","    return (obj == null);","  });","","  return obj;","}",""],"l":{"12":1,"13":1,"14":1,"16":1,"22":1,"23":0,"24":0,"26":0,"27":0,"28":0,"29":0,"33":1,"34":0,"35":0,"37":0,"38":0,"39":0,"42":1,"43":0,"44":0,"45":0,"47":0,"50":1,"51":0,"52":0,"55":1,"56":0,"57":0,"60":0,"68":0,"69":0,"75":0,"76":0,"77":0,"80":0,"81":0,"82":0,"83":0,"84":0,"87":0,"89":0,"92":1,"93":0,"95":0,"97":0,"99":0,"100":0,"101":0,"102":0,"103":0,"104":0,"105":0,"107":0,"108":0,"109":0,"112":0,"114":0,"115":0,"116":0,"118":0,"123":0,"124":0,"125":0,"126":0,"127":0,"128":0,"129":0,"130":0,"131":0,"132":0,"133":0,"134":0,"135":0,"136":0,"137":0,"140":0,"143":0,"144":0,"146":0,"147":0,"148":0,"151":0,"156":0,"157":0,"158":0,"159":0,"163":0,"164":0,"165":0,"166":0,"167":0,"169":0,"171":0,"173":0,"175":0,"180":0,"181":0,"183":0,"184":0,"186":0,"189":0,"190":0,"191":0,"193":0,"194":0,"196":0,"197":0,"198":0,"199":0,"201":0,"205":0,"206":0,"208":0,"211":0,"213":0,"214":0,"217":0,"220":1,"221":0,"222":0,"224":0,"225":0,"226":0,"228":0,"229":0,"230":0,"232":0,"233":0,"234":0,"237":0,"238":0,"241":0,"244":1,"246":0,"247":0,"249":0,"252":0,"255":1,"256":0,"257":0,"260":0,"263":1,"264":0,"265":0,"267":0,"268":0,"269":0,"270":0,"271":0,"274":0,"277":0,"278":0,"282":1,"283":0,"284":0,"287":0,"288":0,"290":1,"291":0,"295":0,"301":0,"302":0,"304":0,"305":0,"307":0,"308":0,"310":0,"311":0,"313":0,"314":0,"315":0,"317":0,"321":0,"325":1,"326":0,"327":0,"328":0,"329":0,"330":0,"331":0,"333":0,"334":0,"335":0,"338":0,"339":0,"340":0,"342":0,"345":0,"347":0,"348":0,"350":0,"354":1,"356":0,"357":0,"360":0,"362":0,"365":1,"366":0,"367":0,"370":1,"371":0,"372":0,"374":0,"375":0,"377":0,"378":0,"379":0,"380":0,"383":0,"386":1,"387":0,"388":0,"389":0,"393":1,"394":0,"395":0,"398":0,"399":0,"403":0,"404":0,"405":0,"408":0}},"/home/travis/build/npmtest/node-npmtest-preprocess/node_modules/preprocess/lib/regexrules.js":{"path":"/home/travis/build/npmtest/node-npmtest-preprocess/node_modules/preprocess/lib/regexrules.js","s":{"1":1,"2":1,"3":1,"4":1,"5":1,"6":1,"7":1,"8":1,"9":1,"10":1,"11":1,"12":1,"13":1,"14":1,"15":1,"16":1,"17":1,"18":1,"19":1,"20":1,"21":1,"22":1,"23":1,"24":1},"b":{},"f":{},"fnMap":{},"statementMap":{"1":{"start":{"line":2,"column":0},"end":{"line":87,"column":2}},"2":{"start":{"line":89,"column":0},"end":{"line":89,"column":48}},"3":{"start":{"line":91,"column":0},"end":{"line":91,"column":46}},"4":{"start":{"line":92,"column":0},"end":{"line":92,"column":46}},"5":{"start":{"line":93,"column":0},"end":{"line":93,"column":46}},"6":{"start":{"line":94,"column":0},"end":{"line":94,"column":46}},"7":{"start":{"line":95,"column":0},"end":{"line":95,"column":46}},"8":{"start":{"line":96,"column":0},"end":{"line":96,"column":46}},"9":{"start":{"line":97,"column":0},"end":{"line":97,"column":46}},"10":{"start":{"line":98,"column":0},"end":{"line":98,"column":46}},"11":{"start":{"line":99,"column":0},"end":{"line":99,"column":46}},"12":{"start":{"line":100,"column":0},"end":{"line":100,"column":46}},"13":{"start":{"line":101,"column":0},"end":{"line":101,"column":46}},"14":{"start":{"line":102,"column":0},"end":{"line":102,"column":46}},"15":{"start":{"line":103,"column":0},"end":{"line":103,"column":46}},"16":{"start":{"line":104,"column":0},"end":{"line":104,"column":46}},"17":{"start":{"line":105,"column":0},"end":{"line":105,"column":46}},"18":{"start":{"line":106,"column":0},"end":{"line":106,"column":46}},"19":{"start":{"line":107,"column":0},"end":{"line":107,"column":46}},"20":{"start":{"line":108,"column":0},"end":{"line":108,"column":46}},"21":{"start":{"line":109,"column":0},"end":{"line":109,"column":46}},"22":{"start":{"line":111,"column":0},"end":{"line":111,"column":50}},"23":{"start":{"line":112,"column":0},"end":{"line":112,"column":50}},"24":{"start":{"line":113,"column":0},"end":{"line":113,"column":50}}},"branchMap":{},"code":["","module.exports = {","  simple : {","    echo : \"^@echo[ \\t]+(.*?)[ \\t]*$\",","    exec : \"^@exec[ \\t]+(\\\\S+)[ \\t]*\\\\((.*)\\\\)[ \\t]*$\",","    include          : \"^(.*)@include(?!-)[ \\t]+(.*?)[ \\t]*$\", // allow prefix characters to specify the indent level of included file","    'include-static' : \"^(.*)@include-static[ \\t]+(.*?)[ \\t]*$\"","  },","  html : {","    echo : \"<!--[ \\t]*@echo[ \\t]+(.*?)[ \\t]*(?:-->|!>)\",","    exec : \"<!--[ \\t]*@exec[ \\t]+(\\\\S+)[ \\t]*\\\\((.*)\\\\)[ \\t]*(?:-->|!>)\",","    include          : \"(.*)<!--[ \\t]*@include(?!-)[ \\t]+(.*?)[ \\t]*(?:-->|!>)\",","    'include-static' : \"(.*)<!--[ \\t]*@include-static[ \\t]+(.*?)[ \\t]*(?:-->|!>)\",","    exclude : {","      start : \"[ \\t]*<!--[ \\t]*@exclude(?:[ \\t]+(.*?))?[ \\t]*(?:-->|!>)(?:[ \\t]*\\n+)?\",","      end   : \"[ \\t]*<!--[ \\t]*@endexclude[ \\t]*(?:-->|!>)(?:[ \\t]*\\n)?\"","    },","    extend : {","      start : \"[ \\t]*<!--[ \\t]*@extend(?!able)[ \\t]+(.*?)[ \\t]*(?:-->|!>)(?:[ \\t]*\\n+)?\",","      end   : \"[ \\t]*<!--[ \\t]*@endextend[ \\t]*(?:-->|!>)(?:[ \\t]*\\n)?\"","    },","    extendable : \"<!--[ \\t]*@extendable[ \\t]*(?:-->|!>)\",","    if : {","      start : \"[ \\t]*<!--[ \\t]*@(ifndef|ifdef|if)[ \\t]+(.*?)[ \\t]*(?:-->|!>)(?:[ \\t]*\\n+)?\",","      end   : \"[ \\t]*<!(?:--)?[ \\t]*@endif[ \\t]*(?:-->|!>)(?:[ \\t]*\\n)?\"","    },","    foreach : {","      start : \"[ \\t]*<!--[ \\t]*@foreach[ \\t]+(.*?)[ \\t]*(?:-->|!>)(?:[ \\t]*\\n+)?\",","      end   : \"[ \\t]*<!(?:--)?[ \\t]*@endfor[ \\t]*(?:-->|!>)(?:[ \\t]*\\n)?\"","    }","  },","  js : {","    echo : [","      \"/\\\\*[ \\t]*@echo[ \\t]+(.*?)[ \\t]*\\\\*(?:\\\\*|/)\",","      \"//[ \\t]*@echo[ \\t]+(.*?)[ \\t]*$\"","    ],","    exec : \"(?://|/\\\\*)[ \\t]*@exec[ \\t]+(\\\\S+)[ \\t]*\\\\((.*)\\\\)[ \\t]*(?:\\\\*(?:\\\\*|/))?\",","    include : [","      \"^(.*)/\\\\*[ \\t]*@include(?!-)[ \\t]+(.*?)[ \\t]*\\\\*(?:\\\\*|/)\",","      \"^(.*)//[ \\t]*@include(?!-)[ \\t]+(.*?)[ \\t]*$\"","    ],","    'include-static': [","      \"^(.*)/\\\\*[ \\t]*@include-static[ \\t]+(.*?)[ \\t]*\\\\*(?:\\\\*|/)\",","      \"^(.*)//[ \\t]*@include-static[ \\t]+(.*?)[ \\t]*$\"","    ],","    exclude : {","      start : \"[ \\t]*(?://|/\\\\*)[ \\t]*@exclude(?:[ \\t]+([^\\n*]*))?[ \\t]*(?:\\\\*(?:\\\\*|/))?(?:[ \\t]*\\n+)?\",","      end   : \"[ \\t]*(?://|/\\\\*)[ \\t]*@endexclude[ \\t]*(?:\\\\*(?:\\\\*|/))?(?:[ \\t]*\\n)?\"","    },","    extend : {","      start : \"[ \\t]*(?://|/\\\\*)[ \\t]*@extend(?!able)[ \\t]+([^\\n*]*)(?:\\\\*(?:\\\\*|/))?(?:[ \\t]*\\n+)?\",","      end   : \"[ \\t]*(?://|/\\\\*)[ \\t]*@endextend[ \\t]*(?:\\\\*(?:\\\\*|/))?(?:[ \\t]*\\n)?\"","    },","    extendable : \"[ \\t]*(?://|/\\\\*)[ \\t]*@extendable[ \\t]*(?:\\\\*/)?\",","    if : {","      start : \"[ \\t]*(?://|/\\\\*)[ \\t]*@(ifndef|ifdef|if)[ \\t]+([^\\n*]*)(?:\\\\*(?:\\\\*|/))?(?:[ \\t]*\\n+)?\",","      end   : \"[ \\t]*(?://|/\\\\*)[ \\t]*@endif[ \\t]*(?:\\\\*(?:\\\\*|/))?(?:[ \\t]*\\n)?\"","    },","    foreach : {","      start : \"[ \\t]*(?://|/\\\\*)[ \\t]*@foreach[ \\t]+([^\\n*]*)(?:\\\\*(?:\\\\*|/))?(?:[ \\t]*\\n+)?\",","      end   : \"[ \\t]*(?://|/\\\\*)[ \\t]*@endfor[ \\t]*(?:\\\\*(?:\\\\*|/))?(?:[ \\t]*\\n)?\"","    }","  },","  coffee : {","    echo : \"#+[ \\t]*@echo[ \\t]+(.*?)[ \\t]*$\",","    exec : \"#+[ \\t]*@exec[ \\t]+(\\\\S+)[ \\t]*\\\\((.*)\\\\)[ \\t]*$\",","    include          : \"^(.*?)#+[ \\t]*@include(?!-)[ \\t]+(.*?)[ \\t]*$\",","    'include-static' : \"^(.*?)#+[ \\t]*@include-static[ \\t]+(.*?)[ \\t]*$\",","    exclude : {","      start : \"^[ \\t]*#+[ \\t]*@exclude(?:[ \\t]+(.*?))?[ \\t]*\\n+\",","      end   : \"^[ \\t]*#+[ \\t]*@endexclude[ \\t]*\\n?\"","    },","    extend : {","      start : \"^[ \\t]*#+[ \\t]*@extend(?!able)[ \\t]+(.*?)\\n+\",","      end   : \"^[ \\t]*#+[ \\t]*@endextend[ \\t]*\\n?\"","    },","    extendable : \"^[ \\t]*#+[ \\t]*@extendable[ \\t]*$\",","    if : {","      start : \"^[ \\t]*#+[ \\t]*@(ifndef|ifdef|if)[ \\t]+(.*?)[ \\t]*\\n+\",","      end   : \"^[ \\t]*#+[ \\t]*@endif[ \\t]*\\n?\"","    },","    foreach : {","      start : \"^[ \\t]*#+[ \\t]*@foreach[ \\t]+(.*?)[ \\t]*\\n+\",","      end   : \"^[ \\t]*#+[ \\t]*@endfor[ \\t]*\\n?\"","    }","  }","};","","module.exports.xml        = module.exports.html;","","module.exports.javascript = module.exports.js;","module.exports.jsx        = module.exports.js;","module.exports.c          = module.exports.js;","module.exports.cc         = module.exports.js;","module.exports.cpp        = module.exports.js;","module.exports.cs         = module.exports.js;","module.exports.csharp     = module.exports.js;","module.exports.java       = module.exports.js;","module.exports.less       = module.exports.js;","module.exports.sass       = module.exports.js;","module.exports.scss       = module.exports.js;","module.exports.css        = module.exports.js;","module.exports.php        = module.exports.js;","module.exports.ts         = module.exports.js;","module.exports.tsx        = module.exports.js;","module.exports.peg        = module.exports.js;","module.exports.pegjs      = module.exports.js;","module.exports.jade       = module.exports.js;","module.exports.styl       = module.exports.js;","","module.exports.bash       = module.exports.coffee;","module.exports.shell      = module.exports.coffee;","module.exports.sh         = module.exports.coffee;",""],"l":{"2":1,"89":1,"91":1,"92":1,"93":1,"94":1,"95":1,"96":1,"97":1,"98":1,"99":1,"100":1,"101":1,"102":1,"103":1,"104":1,"105":1,"106":1,"107":1,"108":1,"109":1,"111":1,"112":1,"113":1}},"/home/travis/build/npmtest/node-npmtest-preprocess/node_modules/preprocess/Gruntfile.js":{"path":"/home/travis/build/npmtest/node-npmtest-preprocess/node_modules/preprocess/Gruntfile.js","s":{"1":1,"2":0,"3":0,"4":0,"5":0,"6":0,"7":0,"8":0,"9":0},"b":{},"f":{"1":0},"fnMap":{"1":{"name":"(anonymous_1)","line":3,"loc":{"start":{"line":3,"column":17},"end":{"line":3,"column":33}}}},"statementMap":{"1":{"start":{"line":3,"column":0},"end":{"line":102,"column":2}},"2":{"start":{"line":4,"column":2},"end":{"line":4,"column":31}},"3":{"start":{"line":5,"column":2},"end":{"line":5,"column":37}},"4":{"start":{"line":7,"column":2},"end":{"line":95,"column":5}},"5":{"start":{"line":97,"column":2},"end":{"line":97,"column":80}},"6":{"start":{"line":98,"column":2},"end":{"line":98,"column":65}},"7":{"start":{"line":99,"column":2},"end":{"line":99,"column":50}},"8":{"start":{"line":100,"column":2},"end":{"line":100,"column":54}},"9":{"start":{"line":101,"column":2},"end":{"line":101,"column":53}}},"branchMap":{},"code":["'use strict';","","module.exports = function(grunt) {","  require('time-grunt')(grunt);","  require('load-grunt-tasks')(grunt);","","  grunt.initConfig({","    clean: {","      coverage: {","        src: 'coverage'","      },","      test: {","        src: 'test/tmp'","      },","      benchmark: {","        src: 'benchmark/result.csv'","      }","    },","    copy: {","      coverage: {","        expand: true,","        src: ['test/**'],","        dest: 'coverage/'","      }","    },","    blanket: {","      coverage: {","        src: ['lib'],","        dest: 'coverage/lib'","      }","    },","    mochaTest: {","      preprocess: {","        options: {","          reporter: 'spec'","        },","        src: ['test/**/*.spec.js']","      }","    },","    mocha_istanbul: {","      options: {","        mask: '*.spec.js',","        root: './lib',","        check: {","          lines: 95,","          statements: 95","        }","      },","      coverage: {","        src: 'test',","        options: {","          reportFormats: ['lcov'] // html + lcov","        }","      }","    },","    coveralls: {","      options: {","        force: true","      },","      all: {","        src: 'coverage/lcov.info'","      }","    },","    jshint: {","      options: {","        jshintrc : '.jshintrc'","      },","      lib : ['lib/**/*.js'],","      test : ['test/**/*.spec.js'],","      benchmark: ['benchmark/**/*.js']","    },","    watch: {","      src: {","        options: {","          atBegin: true","        },","        files: [","          'lib/**/*.js',","          'test/**/*',","          '!test/tmp/**/*'","        ],","        tasks: ['test', 'coverage']","      }","    },","    benchmark: {","      options: {","        displayResults: true","      },","","      'mochaTest-preprocess': {","        src: ['benchmark/gruntMochaTestPreprocess.js'],","        dest: 'benchmark/result.csv'","      }","    }","  });","","  grunt.registerTask('coverage', ['clean:coverage', 'mocha_istanbul:coverage']);","  grunt.registerTask('test', ['jshint', 'mochaTest:preprocess']);","  grunt.registerTask('dev', ['deps-ok', 'watch']);","  grunt.registerTask('default', ['test', 'coverage']);","  grunt.registerTask('ci', ['default', 'coveralls']);","};",""],"l":{"3":1,"4":0,"5":0,"7":0,"97":0,"98":0,"99":0,"100":0,"101":0}},"/home/travis/build/npmtest/node-npmtest-preprocess/node_modules/preprocess/benchmark/gruntMochaTestPreprocess.js":{"path":"/home/travis/build/npmtest/node-npmtest-preprocess/node_modules/preprocess/benchmark/gruntMochaTestPreprocess.js","s":{"1":1,"2":1,"3":0,"4":0,"5":0,"6":0,"7":0,"8":0},"b":{},"f":{"1":0,"2":0,"3":0},"fnMap":{"1":{"name":"(anonymous_1)","line":9,"loc":{"start":{"line":9,"column":6},"end":{"line":9,"column":25}}},"2":{"name":"(anonymous_2)","line":12,"loc":{"start":{"line":12,"column":33},"end":{"line":12,"column":48}}},"3":{"name":"(anonymous_3)","line":17,"loc":{"start":{"line":17,"column":26},"end":{"line":17,"column":37}}}},"statementMap":{"1":{"start":{"line":3,"column":0},"end":{"line":3,"column":43}},"2":{"start":{"line":5,"column":0},"end":{"line":21,"column":2}},"3":{"start":{"line":10,"column":4},"end":{"line":10,"column":87}},"4":{"start":{"line":12,"column":4},"end":{"line":15,"column":7}},"5":{"start":{"line":13,"column":6},"end":{"line":13,"column":25}},"6":{"start":{"line":14,"column":6},"end":{"line":14,"column":28}},"7":{"start":{"line":17,"column":4},"end":{"line":19,"column":7}},"8":{"start":{"line":18,"column":6},"end":{"line":18,"column":25}}},"branchMap":{},"code":["'use strict';","","var spawn = require('child_process').spawn;","","module.exports = {","  name: 'grunt mochaTest:preprocess',","  maxTime: 10,","  defer: true,","  fn: function(deferred) {","    var spawnGrunt = spawn(process.argv[0], [process.argv[1], 'mochaTest:preprocess']);","","    spawnGrunt.stderr.on('data', function(data) {","      deferred.resolve();","      throw new Error(data);","    });","","    spawnGrunt.on('exit', function() {","      deferred.resolve();","    });","  }","};"],"l":{"3":1,"5":1,"10":0,"12":0,"13":0,"14":0,"17":0,"18":0}}}